{"f330da30b62f17ed1ba2cdc58812afbe":{"statistic":{"failed":0,"broken":0,"skipped":0,"passed":1,"unknown":0,"total":1},"items":[{"uid":"e0ed601ad93c66b3","status":"passed","time":{"start":1709802144692,"stop":1709802156469,"duration":11777}}]},"869a94e4c4bceb6331c6962047bf6f42":{"statistic":{"failed":0,"broken":0,"skipped":0,"passed":1,"unknown":0,"total":1},"items":[{"uid":"a52f3315724ce14e","status":"passed","time":{"start":1709802054654,"stop":1709802085455,"duration":30801}}]},"7db1c1f982d8caf5dda8d59e6fdce627":{"statistic":{"failed":0,"broken":0,"skipped":0,"passed":1,"unknown":0,"total":1},"items":[{"uid":"f79f1c5fb04c86c","status":"passed","time":{"start":1709802549354,"stop":1709802655881,"duration":106527}}]},"4765b0f010c4ee365d68b861f1815adf":{"statistic":{"failed":0,"broken":0,"skipped":0,"passed":1,"unknown":0,"total":1},"items":[{"uid":"47f7e2e390e87a46","status":"passed","time":{"start":1709802156471,"stop":1709802549352,"duration":392881}}]},"efbfa347c00e5411482a9cb6fa5166bf":{"statistic":{"failed":1,"broken":0,"skipped":0,"passed":0,"unknown":0,"total":1},"items":[{"uid":"92e3d6b91d7c67f1","status":"failed","statusDetails":"AssertionError: 测试失败，失败用例条数：1，成功用例条数：110，错误信息：\n  \nassert False","time":{"start":1709802119723,"stop":1709802144687,"duration":24964}}]},"1abc4cf2a83690af69b69edbd1bd13fb":{"statistic":{"failed":1,"broken":0,"skipped":0,"passed":0,"unknown":0,"total":1},"items":[{"uid":"df5337de8723a09c","status":"failed","statusDetails":"AssertionError: 测试失败，失败用例条数：1，成功用例条数：108，错误信息：\n  \nassert False","time":{"start":1709802085457,"stop":1709802106503,"duration":21046}}]},"b9196bda6bd93d4a7584df4903ca0455":{"statistic":{"failed":0,"broken":0,"skipped":0,"passed":1,"unknown":0,"total":1},"items":[{"uid":"2c5900c42900b37c","status":"passed","time":{"start":1709802106510,"stop":1709802119721,"duration":13211}}]},"9ac67be80491d9c576ae3ed0147ffdd9":{"statistic":{"failed":1,"broken":0,"skipped":0,"passed":0,"unknown":0,"total":1},"items":[{"uid":"a819ea7223c698e7","status":"failed","statusDetails":"AssertionError: 测试失败，命令执行失败\nassert False","time":{"start":1709802001370,"stop":1709802054624,"duration":53254}}]}}