INFO     root:test_arceos.py:24 æµ‹è¯•å‰ç½®æ­¥éª¤ä¸€ï¼šåˆå§‹åŒ–cmdåº“
INFO     root:test_arceos.py:25 Setup for class with cmd
INFO     root:test_arceos.py:58 kernel_type=monokernel
INFO     root:test_arceos.py:59 test_cmd=cd /home/runner/work/Starry/Starry && export PATH=$PATH:/home/runner/.cargo/bin:/home/runner/work/Starry/Starry/riscv64-linux-musl-cross/bin && ./build_img.sh riscv64 sdcard && make A=apps/oscomp ARCH=riscv64 TC=libc-static-0 run
INFO     root:test_arceos.py:61 res=rm: cannot remove 'disk.img': No such file or directory
30+0 records in
30+0 records out
125829120 bytes (126 MB, 120 MiB) copied, 0.118602 s, 1.1 GB/s
mkfs.fat 4.2 (2021-01-31)
Copying riscv64 fat32 sdcard/* to disk
    [92;1mBuilding[0m App: oscomp, Arch: riscv64, Platform: riscv64-qemu-virt, App type: rust
[37mcargo build[0m [90m--target riscv64gc-unknown-none-elf --target-dir /home/runner/work/Starry/Starry/target --release  --manifest-path apps/oscomp/Cargo.toml --features "syscall_entry/log-level-off syscall_entry/fp_simd syscall_entry/syscall_fs syscall_entry/syscall_mem syscall_entry/syscall_task syscall_entry/futex syscall_entry/signal syscall_entry/img syscall_entry/syscall_net syscall_entry/fatfs"[0m
info: syncing channel updates for 'nightly-2023-11-30-x86_64-unknown-linux-gnu'
info: latest update on 2023-11-30, rust version 1.76.0-nightly (b10cfcd65 2023-11-29)
info: downloading component 'cargo'
info: downloading component 'clippy'
info: downloading component 'llvm-tools'
info: downloading component 'rust-src'
info: downloading component 'rust-std' for 'aarch64-unknown-none-softfloat'
info: downloading component 'rust-std' for 'riscv64gc-unknown-none-elf'
info: downloading component 'rust-std'
info: downloading component 'rust-std' for 'x86_64-unknown-none'
info: downloading component 'rustc'
info: downloading component 'rustfmt'
info: installing component 'cargo'
info: installing component 'clippy'
info: installing component 'llvm-tools'
info: installing component 'rust-src'
info: installing component 'rust-std' for 'aarch64-unknown-none-softfloat'
info: installing component 'rust-std' for 'riscv64gc-unknown-none-elf'
info: installing component 'rust-std'
info: installing component 'rust-std' for 'x86_64-unknown-none'
info: installing component 'rustc'
info: installing component 'rustfmt'
    Updating git repository `https://github.com/c0per/smoltcp`
    Updating git repository `https://github.com/rcore-os/bitmap-allocator.git`
    Updating crates.io index
    Updating git repository `https://github.com/lhw2002426/bcm2835-sdhci.git`
    Updating git repository `https://github.com/KuangjuX/ixgbe-driver.git`
    Updating git repository `https://github.com/rcore-os/virtio-drivers.git`
    Updating git repository `https://github.com/mexus/numeric-enum-macro`
    Updating git repository `https://github.com/rafalh/rust-fatfs`
    Updating git repository `https://github.com/elliott10/lwext4_rust.git`
    Updating git submodule `https://github.com/gkostka/lwext4.git`
 Downloading crates ...
  Downloaded rlsf v0.2.1
  Downloaded base64 v0.13.1
  Downloaded equivalent v1.0.1
  Downloaded rustc_version v0.4.0
  Downloaded bit v0.1.1
  Downloaded const-default v1.0.0
  Downloaded lock_api v0.4.10
  Downloaded void v1.0.2
  Downloaded svgbobdoc v0.3.0
  Downloaded bitflags v1.3.2
  Downloaded bit_field v0.10.2
  Downloaded xmas-elf v0.9.0
  Downloaded sbi-spec v0.0.4
  Downloaded version_check v0.9.4
  Downloaded defmt-parser v0.3.3
  Downloaded unicode-width v0.1.10
  Downloaded rustversion v1.0.14
  Downloaded x86 v0.52.0
  Downloaded spin v0.9.8
  Downloaded autocfg v1.1.0
  Downloaded spin v0.5.2
  Downloaded sbi-rt v0.0.2
  Downloaded zerocopy-derive v0.7.26
  Downloaded libc v0.2.147
  Downloaded zero v0.1.3
  Downloaded quote v1.0.33
  Downloaded winnow v0.5.14
  Downloaded critical-section v1.1.2
  Downloaded zerocopy v0.7.26
  Downloaded raw-cpuid v11.0.1
  Downloaded x86_64 v0.14.10
  Downloaded hash32 v0.2.1
  Downloaded x2apic v0.4.2
  Downloaded rand_core v0.6.4
  Downloaded unicode-ident v1.0.11
  Downloaded bitflags v2.4.0
  Downloaded volatile v0.4.6
  Downloaded num_enum v0.5.11
  Downloaded heapless v0.7.16
  Downloaded proc-macro-error-attr v1.0.4
  Downloaded thiserror-impl v1.0.47
  Downloaded byteorder v1.4.3
  Downloaded tock-registers v0.8.1
  Downloaded proc-macro2 v1.0.69
  Downloaded thiserror v1.0.47
  Downloaded embedded-hal v0.2.7
  Downloaded toml_edit v0.19.14
  Downloaded num_enum_derive v0.5.11
  Downloaded toml_datetime v0.6.3
  Downloaded defmt v0.3.5
  Downloaded syn v2.0.39
  Downloaded rand v0.8.5
  Downloaded syn v1.0.109
  Downloaded serde v1.0.185
  Downloaded semver v1.0.18
  Downloaded indexmap v2.0.0
  Downloaded log v0.4.19
  Downloaded memchr v2.5.0
  Downloaded raw-cpuid v10.7.0
  Downloaded hashbrown v0.14.0
  Downloaded stable_deref_trait v1.2.0
  Downloaded proc-macro-error v1.0.4
  Downloaded scopeguard v1.2.0
  Downloaded defmt-macros v0.3.6
  Downloaded nb v0.1.3
  Downloaded managed v0.8.0
  Downloaded static_assertions v1.1.0
  Downloaded cfg-if v1.0.0
  Downloaded paste v1.0.14
  Downloaded nb v1.1.0
  Downloaded lazy_static v1.4.0
  Downloaded riscv v0.10.1
  Downloaded aarch64-cpu v9.3.1
   Compiling proc-macro2 v1.0.69
   Compiling unicode-ident v1.0.11
   Compiling log v0.4.19
   Compiling hashbrown v0.14.0
   Compiling equivalent v1.0.1
   Compiling serde v1.0.185
   Compiling cfg-if v1.0.0
   Compiling autocfg v1.1.0
   Compiling syn v1.0.109
   Compiling axerrno v0.1.0 (/home/runner/work/Starry/Starry/crates/axerrno)
   Compiling indexmap v2.0.0
   Compiling quote v1.0.33
   Compiling toml_datetime v0.6.3
   Compiling syn v2.0.39
   Compiling winnow v0.5.14
   Compiling bitflags v2.4.0
   Compiling lock_api v0.4.10
   Compiling toml_edit v0.19.14
   Compiling scopeguard v1.2.0
   Compiling base64 v0.13.1
   Compiling spin v0.9.8
   Compiling unicode-width v0.1.10
   Compiling bit_field v0.10.2
   Compiling svgbobdoc v0.3.0
   Compiling const-default v1.0.0
   Compiling tock-registers v0.8.1
   Compiling nb v1.1.0
   Compiling memory_addr v0.1.0 (/home/runner/work/Starry/Starry/crates/memory_addr)
   Compiling nb v0.1.3
   Compiling aarch64-cpu v9.3.1
   Compiling rlsf v0.2.1
   Compiling crate_interface v0.1.1 (/home/runner/work/Starry/Starry/crates/crate_interface)
   Compiling bitmap-allocator v0.1.0 (https://github.com/rcore-os/bitmap-allocator.git?rev=88e871a#88e871a5)
   Compiling axfs_vfs v0.1.0 (/home/runner/work/Starry/Starry/crates/axfs_vfs)
   Compiling axconfig v0.1.0 (/home/runner/work/Starry/Starry/modules/axconfig)
   Compiling spin v0.5.2
   Compiling byteorder v1.4.3
   Compiling kernel_guard v0.1.0 (/home/runner/work/Starry/Starry/crates/kernel_guard)
   Compiling spinlock v0.1.0 (/home/runner/work/Starry/Starry/crates/spinlock)
   Compiling void v1.0.2
   Compiling riscv v0.10.1
   Compiling static_assertions v1.1.0
   Compiling percpu v0.1.0 (/home/runner/work/Starry/Starry/crates/percpu)
   Compiling axhal v0.1.0 (/home/runner/work/Starry/Starry/modules/axhal)
   Compiling sbi-spec v0.0.4
   Compiling embedded-hal v0.2.7
   Compiling lazy_static v1.4.0
   Compiling allocator v0.1.0 (/home/runner/work/Starry/Starry/crates/allocator)
   Compiling percpu_macros v0.1.0 (/home/runner/work/Starry/Starry/crates/percpu_macros)
   Compiling critical-section v1.1.2
   Compiling axalloc v0.1.0 (/home/runner/work/Starry/Starry/modules/axalloc)
   Compiling page_table_entry v0.1.0 (/home/runner/work/Starry/Starry/crates/page_table_entry)
   Compiling axfs_ramfs v0.1.0 (/home/runner/work/Starry/Starry/crates/axfs_ramfs)
   Compiling sbi-rt v0.0.2
   Compiling axlog v0.1.0 (/home/runner/work/Starry/Starry/modules/axlog)
   Compiling page_table v0.1.0 (/home/runner/work/Starry/Starry/crates/page_table)
   Compiling ratio v0.1.0 (/home/runner/work/Starry/Starry/crates/ratio)
   Compiling handler_table v0.1.0 (/home/runner/work/Starry/Starry/crates/handler_table)
   Compiling lazy_init v0.1.0 (/home/runner/work/Starry/Starry/crates/lazy_init)
   Compiling zerocopy-derive v0.7.26
   Compiling driver_common v0.1.0 (/home/runner/work/Starry/Starry/crates/driver_common)
   Compiling numeric-enum-macro v0.2.0 (https://github.com/mexus/numeric-enum-macro#20aef288)
   Compiling linked_list v0.1.0 (/home/runner/work/Starry/Starry/crates/linked_list)
   Compiling scheduler v0.1.0 (/home/runner/work/Starry/Starry/crates/scheduler)
   Compiling driver_block v0.1.0 (/home/runner/work/Starry/Starry/crates/driver_block)
   Compiling driver_net v0.1.0 (/home/runner/work/Starry/Starry/crates/driver_net)
   Compiling axsignal v0.1.0 (/home/runner/work/Starry/Starry/modules/axsignal)
   Compiling axdriver v0.1.0 (/home/runner/work/Starry/Starry/modules/axdriver)
   Compiling timer_list v0.1.0 (/home/runner/work/Starry/Starry/crates/timer_list)
   Compiling bitflags v1.3.2
   Compiling axtask v0.1.0 (/home/runner/work/Starry/Starry/modules/axtask)
   Compiling semver v1.0.18
   Compiling rand_core v0.6.4
   Compiling rand v0.8.5
   Compiling axsync v0.1.0 (/home/runner/work/Starry/Starry/modules/axsync)
   Compiling axio v0.1.0 (/home/runner/work/Starry/Starry/crates/axio)
   Compiling fatfs v0.4.0 (https://github.com/rafalh/rust-fatfs?rev=a3a834e#a3a834ef)
   Compiling zerocopy v0.7.26
   Compiling capability v0.1.0 (/home/runner/work/Starry/Starry/crates/capability)
   Compiling axfs_devfs v0.1.0 (/home/runner/work/Starry/Starry/crates/axfs_devfs)
   Compiling rustc_version v0.4.0
   Compiling zero v0.1.3
   Compiling heapless v0.7.16
   Compiling xmas-elf v0.9.0
   Compiling virtio-drivers v0.7.1 (https://github.com/rcore-os/virtio-drivers.git?rev=4b60f5d#4b60f5d3)
   Compiling hash32 v0.2.1
   Compiling stable_deref_trait v1.2.0
   Compiling smoltcp v0.10.0 (https://github.com/c0per/smoltcp?branch=starryos#a2e59192)
   Compiling managed v0.8.0
   Compiling num_enum_derive v0.5.11
   Compiling driver_virtio v0.1.0 (/home/runner/work/Starry/Starry/crates/driver_virtio)
   Compiling num_enum v0.5.11
   Compiling axfs v0.1.0 (/home/runner/work/Starry/Starry/modules/axfs)
   Compiling axmem v0.1.0 (/home/runner/work/Starry/Starry/modules/axmem)
   Compiling syscall_utils v0.1.0 (/home/runner/work/Starry/Starry/ulib/axstarry/syscall_utils)
   Compiling axprocess v0.1.0 (/home/runner/work/Starry/Starry/modules/axprocess)
   Compiling axnet v0.1.0 (/home/runner/work/Starry/Starry/modules/axnet)
   Compiling syscall_fs v0.1.0 (/home/runner/work/Starry/Starry/ulib/axstarry/syscall_fs)
   Compiling axruntime v0.1.0 (/home/runner/work/Starry/Starry/modules/axruntime)
   Compiling axfeat v0.1.0 (/home/runner/work/Starry/Starry/api/axfeat)
   Compiling arceos_api v0.1.0 (/home/runner/work/Starry/Starry/api/arceos_api)
   Compiling syscall_net v0.1.0 (/home/runner/work/Starry/Starry/ulib/axstarry/syscall_net)
   Compiling syscall_task v0.1.0 (/home/runner/work/Starry/Starry/ulib/axstarry/syscall_task)
warning: unused import: `core::ptr::slice_from_raw_parts_mut`
 --> ulib/axstarry/syscall_task/src/imp/task.rs:3:5
  |
3 | use core::ptr::slice_from_raw_parts_mut;
  |     ^^^^^^^^^^^^^^^^^^^^^^^^^^^^^^^^^^^
  |
  = note: `#[warn(unused_imports)]` on by default

warning: unused import: `axtask::current`
 --> ulib/axstarry/syscall_task/src/imp/task.rs:4:5
  |
4 | use axtask::current;
  |     ^^^^^^^^^^^^^^^

warning: unused imports: `PR_NAME_SIZE`, `PrctlOption`
  --> ulib/axstarry/syscall_task/src/imp/task.rs:26:21
   |
26 | use syscall_utils::{PrctlOption, PR_NAME_SIZE};
   |                     ^^^^^^^^^^^  ^^^^^^^^^^^^

error[E0425]: cannot find function `syscall_prctl` in this scope
   --> ulib/axstarry/syscall_task/src/lib.rs:107:18
    |
107 |         PRCTL => syscall_prctl(args[0], args[1] as *mut u8),
    |                  ^^^^^^^^^^^^^ help: a function with a similar name exists: `syscall_exit`
    |
   ::: ulib/axstarry/syscall_task/src/imp/task.rs:35:1
    |
35  | pub fn syscall_exit(exit_code: i32) -> ! {
    | ---------------------------------------- similarly named function `syscall_exit` defined here

For more information about this error, try `rustc --explain E0425`.
warning: `syscall_task` (lib) generated 3 warnings
error: could not compile `syscall_task` (lib) due to previous error; 3 warnings emitted
warning: build failed, waiting for other jobs to finish...
make: *** [scripts/make/build.mk:41: _cargo_build] Error 101