{"uid":"4b4757e66a1912dae1a509f688f20b0f","children":[{"name":"Product defects","children":[{"name":"AssertionError: 测试失败，命令执行失败，错误信息：\n  \u001B[37mcargo clippy\u001B[0m \u001B[90m--all-features --workspace --exclude axlog --target x86_64-unknown-none \u001B[0m\n  info: syncing channel updates for 'nightly-2023-11-30-x86_64-unknown-linux-gnu'\n  info: latest update on 2023-11-30, rust version 1.76.0-nightly (b10cfcd65 2023-11-29)\n  info: downloading component 'cargo'\n  info: downloading component 'clippy'\n  info: downloading component 'llvm-tools'\n  info: downloading component 'rust-src'\n  info: downloading component 'rust-std' for 'aarch64-unknown-none-softfloat'\n  info: downloading component 'rust-std' for 'riscv64gc-unknown-none-elf'\n  info: downloading component 'rust-std'\n  info: downloading component 'rust-std' for 'x86_64-unknown-none'\n  info: downloading component 'rustc'\n  info: downloading component 'rustfmt'\n  info: installing component 'cargo'\n  info: installing component 'clippy'\n  info: installing component 'llvm-tools'\n  info: installing component 'rust-src'\n  info: installing component 'rust-std' for 'aarch64-unknown-none-softfloat'\n  info: installing component 'rust-std' for 'riscv64gc-unknown-none-elf'\n  info: installing component 'rust-std'\n  info: installing component 'rust-std' for 'x86_64-unknown-none'\n  info: installing component 'rustc'\n  info: installing component 'rustfmt'\n      Updating git repository `https://github.com/c0per/smoltcp`\n      Updating git repository `https://github.com/rcore-os/bitmap-allocator.git`\n      Updating crates.io index\n      Updating git repository `https://github.com/lhw2002426/bcm2835-sdhci.git`\n      Updating git repository `https://github.com/KuangjuX/ixgbe-driver.git`\n      Updating git repository `https://github.com/rcore-os/virtio-drivers.git`\n      Updating git repository `https://github.com/mexus/numeric-enum-macro`\n      Updating git repository `https://github.com/rafalh/rust-fatfs`\n      Updating git repository `https://github.com/elliott10/lwext4_rust.git`\n      Updating git submodule `https://github.com/gkostka/lwext4.git`\n   Downloading crates ...\n    Downloaded az v1.2.1\n    Downloaded zero v0.1.3\n    Downloaded xmas-elf v0.9.0\n    Downloaded nb v0.1.3\n    Downloaded defmt-macros v0.3.6\n    Downloaded nb v1.1.0\n    Downloaded indexmap v2.0.0\n    Downloaded zerocopy v0.7.26\n    Downloaded zerocopy-derive v0.7.26\n    Downloaded x86_64 v0.14.10\n    Downloaded x86 v0.52.0\n    Downloaded regex-automata v0.3.6\n    Downloaded embedded-graphics v0.8.1\n    Downloaded x2apic v0.4.2\n    Downloaded winnow v0.5.14\n    Downloaded which v4.4.0\n    Downloaded volatile v0.4.6\n    Downloaded volatile v0.3.0\n    Downloaded void v1.0.2\n    Downloaded version_check v0.9.4\n    Downloaded unicode-width v0.1.10\n    Downloaded toml_edit v0.19.14\n    Downloaded tock-registers v0.8.1\n    Downloaded thiserror-impl v1.0.47\n    Downloaded thiserror v1.0.47\n    Downloaded syn v2.0.39\n    Downloaded syn v1.0.109\n    Downloaded svgbobdoc v0.3.0\n    Downloaded spin v0.9.8\n    Downloaded spin v0.5.2\n    Downloaded serde v1.0.185\n    Downloaded semver v1.0.18\n    Downloaded rustc_version v0.4.0\n    Downloaded rlsf v0.2.1\n    Downloaded regex-syntax v0.7.4\n    Downloaded regex v1.9.3\n    Downloaded raw-cpuid v11.0.1\n    Downloaded volatile v0.2.7\n    Downloaded unicode-ident v1.0.11\n    Downloaded toml_datetime v0.6.3\n    Downloaded static_assertions v1.1.0\n    Downloaded stable_deref_trait v1.2.0\n    Downloaded shlex v1.1.0\n    Downloaded serde_derive v1.0.185\n    Downloaded scopeguard v1.2.0\n    Downloaded rustversion v1.0.14\n    Downloaded rustc-hash v1.1.0\n    Downloaded riscv v0.10.1\n    Downloaded raw-cpuid v10.7.0\n    Downloaded rand_core v0.6.4\n    Downloaded rand_chacha v0.3.1\n    Downloaded rand v0.8.5\n    Downloaded quote v1.0.33\n    Downloaded proc-macro2 v1.0.69\n    Downloaded proc-macro-error-attr v1.0.4\n    Downloaded proc-macro-error v1.0.4\n    Downloaded prettyplease v0.2.12\n    Downloaded ppv-lite86 v0.2.17\n    Downloaded peeking_take_while v0.1.2\n    Downloaded paste v1.0.14\n    Downloaded num_enum_derive v0.5.11\n    Downloaded num_enum v0.5.11\n    Downloaded num-traits v0.2.16\n    Downloaded nom v7.1.3\n    Downloaded managed v0.8.0\n    Downloaded lock_api v0.4.10\n    Downloaded embedded-graphics-core v0.4.0\n    Downloaded minimal-lexical v0.2.1\n    Downloaded micromath v2.0.0\n    Downloaded memchr v2.5.0\n    Downloaded log v0.4.19\n    Downloaded libc v0.2.147\n    Downloaded lazycell v1.3.0\n    Downloaded lazy_static v1.4.0\n    Downloaded hashbrown v0.14.0\n    Downloaded hash32 v0.2.1\n    Downloaded glob v0.3.1\n    Downloaded getrandom v0.2.10\n    Downloaded either v1.9.0\n    Downloaded bindgen v0.66.1\n    Downloaded aho-corasick v1.0.4\n    Downloaded embedded-hal v0.2.7\n    Downloaded libloading v0.7.4\n    Downloaded heapless v0.7.16\n    Downloaded float-cmp v0.9.0\n    Downloaded core_detect v1.0.0\n    Downloaded clang-sys v1.6.1\n    Downloaded bitflags v2.4.0\n    Downloaded critical-section v1.1.2\n    Downloaded cexpr v0.6.0\n    Downloaded buddy_system_allocator v0.9.0\n    Downloaded bitflags v1.3.2\n    Downloaded equivalent v1.0.1\n    Downloaded defmt-parser v0.3.3\n    Downloaded defmt v0.3.5\n    Downloaded cfg-if v1.0.0\n    Downloaded byteorder v1.4.3\n    Downloaded bitmaps v3.2.0\n    Downloaded bit_field v0.10.2\n    Downloaded base64 v0.13.1\n    Downloaded autocfg v1.1.0\n    Downloaded const-default v1.0.0\n    Downloaded bit v0.1.1\n    Downloaded aarch64-cpu v9.3.1\n     Compiling proc-macro2 v1.0.69\n     Compiling unicode-ident v1.0.11\n      Checking log v0.4.19\n     Compiling autocfg v1.1.0\n      Checking bit_field v0.10.2\n      Checking bitflags v1.3.2\n      Checking cfg-if v1.0.0\n      Checking bitflags v2.4.0\n      Checking tock-registers v0.8.1\n     Compiling hashbrown v0.14.0\n      Checking scopeguard v1.2.0\n     Compiling serde v1.0.185\n     Compiling lock_api v0.4.10\n     Compiling equivalent v1.0.1\n     Compiling axerrno v0.1.0 (/home/runner/work/Starry/Starry/crates/axerrno)\n     Compiling quote v1.0.33\n     Compiling syn v2.0.39\n     Compiling indexmap v2.0.0\n     Compiling syn v1.0.109\n     Compiling winnow v0.5.14\n     Compiling toml_datetime v0.6.3\n      Checking spin v0.9.8\n     Compiling rustversion v1.0.14\n      Checking byteorder v1.4.3\n     Compiling toml_edit v0.19.14\n      Checking aarch64-cpu v9.3.1\n     Compiling semver v1.0.18\n     Compiling glob v0.3.1\n     Compiling memchr v2.5.0\n     Compiling libc v0.2.147\n     Compiling axconfig v0.1.0 (/home/runner/work/Starry/Starry/modules/axconfig)\n      Checking volatile v0.4.6\n      Checking x86_64 v0.14.10\n     Compiling clang-sys v1.6.1\n     Compiling crate_interface v0.1.1 (/home/runner/work/Starry/Starry/crates/crate_interface)\n     Compiling unicode-width v0.1.10\n      Checking memory_addr v0.1.0 (/home/runner/work/Starry/Starry/crates/memory_addr)\n     Compiling prettyplease v0.2.12\n     Compiling base64 v0.13.1\n     Compiling rustc_version v0.4.0\n     Compiling svgbobdoc v0.3.0\n      Checking raw-cpuid v10.7.0\n     Compiling x86 v0.52.0\n     Compiling paste v1.0.14\n      Checking kernel_guard v0.1.0 (/home/runner/work/Starry/Starry/crates/kernel_guard)\n      Checking const-default v1.0.0\n     Compiling regex-syntax v0.7.4\n      Checking nb v1.1.0\n     Compiling minimal-lexical v0.2.1\n      Checking buddy_system_allocator v0.9.0\n     Compiling libloading v0.7.4\n     Compiling nom v7.1.3\n      Checking slab_allocator v0.3.1 (/home/runner/work/Starry/Starry/crates/slab_allocator)\n      Checking nb v0.1.3\n      Checking rlsf v0.2.1\n      Checking spinlock v0.1.0 (/home/runner/work/Starry/Starry/crates/spinlock)\n     Compiling heapless v0.7.16\n      Checking page_table_entry v0.1.0 (/home/runner/work/Starry/Starry/crates/page_table_entry)\n      Checking axfs_vfs v0.1.0 (/home/runner/work/Starry/Starry/crates/axfs_vfs)\n      Checking bitmap-allocator v0.1.0 (https://github.com/rcore-os/bitmap-allocator.git?rev=88e871a#88e871a5)\n     Compiling either v1.9.0\n     Compiling riscv v0.10.1\n      Checking spin v0.5.2\n      Checking void v1.0.2\n     Compiling bindgen v0.66.1\n     Compiling percpu v0.1.0 (/home/runner/work/Starry/Starry/crates/percpu)\n      Checking embedded-hal v0.2.7\n     Compiling regex-automata v0.3.6\n      Checking lazy_static v1.4.0\n     Compiling which v4.4.0\n     Compiling cexpr v0.6.0\n      Checking allocator v0.1.0 (/home/runner/work/Starry/Starry/crates/allocator)\n     Compiling axhal v0.1.0 (/home/runner/work/Starry/Starry/modules/axhal)\n     Compiling regex v1.9.3\n     Compiling percpu_macros v0.1.0 (/home/runner/work/Starry/Starry/crates/percpu_macros)\n      Checking hash32 v0.2.1\n      Checking critical-section v1.1.2\n     Compiling shlex v1.1.0\n      Checking stable_deref_trait v1.2.0\n      Checking bit v0.1.1\n     Compiling rustc-hash v1.1.0\n     Compiling peeking_take_while v0.1.2\n     Compiling smoltcp v0.10.0 (https://github.com/c0per/smoltcp?branch=starryos#a2e59192)\n     Compiling lazycell v1.3.0\n      Checking x2apic v0.4.2\n      Checking axalloc v0.1.0 (/home/runner/work/Starry/Starry/modules/axalloc)\n      Checking axfs_ramfs v0.1.0 (/home/runner/work/Starry/Starry/crates/axfs_ramfs)\n      Checking page_table v0.1.0 (/home/runner/work/Starry/Starry/crates/page_table)\n      Checking axlog v0.1.0 (/home/runner/work/Starry/Starry/modules/axlog)\n     Compiling zerocopy-derive v0.7.26\n      Checking raw-cpuid v11.0.1\n      Checking managed v0.8.0\n      Checking static_assertions v1.1.0\n      Checking lazy_init v0.1.0 (/home/runner/work/Starry/Starry/crates/lazy_init)\n      Checking ratio v0.1.0 (/home/runner/work/Starry/Starry/crates/ratio)\n      Checking handler_table v0.1.0 (/home/runner/work/Starry/Starry/crates/handler_table)\n      Checking driver_common v0.1.0 (/home/runner/work/Starry/Starry/crates/driver_common)\n      Checking zerocopy v0.7.26\n      Checking volatile v0.3.0\n      Checking volatile v0.2.7\n      Checking core_detect v1.0.0\n      Checking bcm2835-sdhci v0.1.0 (https://github.com/lhw2002426/bcm2835-sdhci.git?rev=e974f16#e974f168)\n      Checking virtio-drivers v0.7.1 (https://github.com/rcore-os/virtio-drivers.git?rev=4b60f5d#4b60f5d3)\n      Checking ixgbe-driver v0.1.0 (https://github.com/KuangjuX/ixgbe-driver.git?rev=8e5eb74#8e5eb741)\n      Checking linked_list v0.1.0 (/home/runner/work/Starry/Starry/crates/linked_list)\n      Checking numeric-enum-macro v0.2.0 (https://github.com/mexus/numeric-enum-macro#20aef288)\n      Checking axsignal v0.1.0 (/home/runner/work/Starry/Starry/modules/axsignal)\n      Checking driver_net v0.1.0 (/home/runner/work/Starry/Starry/crates/driver_net)\n      Checking scheduler v0.1.0 (/home/runner/work/Starry/Starry/crates/scheduler)\n      Checking driver_block v0.1.0 (/home/runner/work/Starry/Starry/crates/driver_block)\n      Checking driver_display v0.1.0 (/home/runner/work/Starry/Starry/crates/driver_display)\n     Compiling axdriver v0.1.0 (/home/runner/work/Starry/Starry/modules/axdriver)\n      Checking timer_list v0.1.0 (/home/runner/work/Starry/Starry/crates/timer_list)\n      Checking axtask v0.1.0 (/home/runner/work/Starry/Starry/modules/axtask)\n      Checking driver_virtio v0.1.0 (/home/runner/work/Starry/Starry/crates/driver_virtio)\n      Checking driver_pci v0.1.0 (/home/runner/work/Starry/Starry/crates/driver_pci)\n      Checking rand_core v0.6.4\n      Checking axsync v0.1.0 (/home/runner/work/Starry/Starry/modules/axsync)\n      Checking rand v0.8.5\n      Checking axio v0.1.0 (/home/runner/work/Starry/Starry/crates/axio)\n      Checking capability v0.1.0 (/home/runner/work/Starry/Starry/crates/capability)\n      Checking fatfs v0.4.0 (https://github.com/rafalh/rust-fatfs?rev=a3a834e#a3a834ef)\n      Checking axfs_devfs v0.1.0 (/home/runner/work/Starry/Starry/crates/axfs_devfs)\n      Checking zero v0.1.3\n      Checking xmas-elf v0.9.0\n      Checking axnet v0.1.0 (/home/runner/work/Starry/Starry/modules/axnet)\n      Checking elf_parser v0.1.0 (/home/runner/work/Starry/Starry/crates/elf_parser)\n      Checking axdisplay v0.1.0 (/home/runner/work/Starry/Starry/modules/axdisplay)\n     Compiling num_enum_derive v0.5.11\n     Compiling num-traits v0.2.16\n     Compiling az v1.2.1\n      Checking bitmaps v3.2.0\n      Checking flatten_objects v0.1.0 (/home/runner/work/Starry/Starry/crates/flatten_objects)\n      Checking num_enum v0.5.11\n      Checking float-cmp v0.9.0\n      Checking micromath v2.0.0\n      Checking arm_pl011 v0.1.0 (/home/runner/work/Starry/Starry/crates/arm_pl011)\n      Checking arm_gic v0.1.0 (/home/runner/work/Starry/Starry/crates/arm_gic)\n      Checking dw_apb_uart v0.1.0 (/home/runner/work/Starry/Starry/crates/dw_apb_uart)\n      Checking embedded-graphics-core v0.4.0\n     Compiling lwext4_rust v0.1.0 (https://github.com/elliott10/lwext4_rust.git?rev=562fbfce#562fbfce)\n     Compiling arceos_posix_api v0.1.0 (/home/runner/work/Starry/Starry/api/arceos_posix_api)\n     Compiling axlibc v0.1.0 (/home/runner/work/Starry/Starry/ulib/axlibc)\n      Checking embedded-graphics v0.8.1\n      Checking tuple_for_each v0.1.0 (/home/runner/work/Starry/Starry/crates/tuple_for_each)\n  error: failed to run custom build command for `lwext4_rust v0.1.0 (https://github.com/elliott10/lwext4_rust.git?rev=562fbfce#562fbfce)`\n  \n  Caused by:\n    process didn't exit successfully: `/home/runner/work/Starry/Starry/target/debug/build/lwext4_rust-5ee0b4352797af52/build-script-build` (exit status: 101)\n    --- stdout\n    Retrieve lwext4 source code\n    To patch lwext4 src\n    make[1]: Entering directory '/root/.cargo/git/checkouts/lwext4_rust-4e222564268298f1/562fbfc/c/lwext4'\n    make[1]: Leaving directory '/root/.cargo/git/checkouts/lwext4_rust-4e222564268298f1/562fbfc/c/lwext4'\n  \n    --- stderr\n    make[1]: *** No rule to make target 'musl-generic'.  Stop.\n    thread 'main' panicked at /root/.cargo/git/checkouts/lwext4_rust-4e222564268298f1/562fbfc/build.rs:48:9:\n    assertion failed: status.success()\n    note: run with `RUST_BACKTRACE=1` environment variable to display a backtrace\n  warning: build failed, waiting for other jobs to finish...\n  make: *** [Makefile:191: clippy] Error 101\nassert False","children":[{"name":"测试ArceOS 代码扫描 基本功能","uid":"52c6866dc3fc6172","parentUid":"7e7959cf7a4ec4a792fdf400e4691a19","status":"failed","time":{"start":1710948000526,"stop":1710948046286,"duration":45760},"flaky":false,"newFailed":false,"newPassed":false,"newBroken":false,"retriesCount":0,"retriesStatusChange":false,"parameters":["'clippy'"],"tags":["repeat(1)"]}],"uid":"7e7959cf7a4ec4a792fdf400e4691a19"},{"name":"AssertionError: 测试失败，失败用例条数：1，成功用例条数：110，错误信息：\n  \nassert False","children":[{"name":"测试ArceOS 宏内核 基本功能","uid":"2bddf670211c9f40","parentUid":"e37bd1d7f199528c71b52676e42e536e","status":"failed","time":{"start":1710948485051,"stop":1710948510020,"duration":24969},"flaky":false,"newFailed":false,"newPassed":false,"newBroken":false,"retriesCount":0,"retriesStatusChange":false,"parameters":["'libc-dynamic'"],"tags":["repeat(1)"]}],"uid":"e37bd1d7f199528c71b52676e42e536e"},{"name":"AssertionError: 测试失败，命令执行失败，错误信息：\n  测试发生异常: Command 'export PATH=$PATH:/home/xh/qemu-7.0.0/build:/home/runner/.cargo/bin:/home/runner/work/Starry/Starry/riscv64-linux-musl-cross/bin:/home/runner/work/Starry/Starry/aarch64-linux-musl-cross/bin:/home/runner/work/Starry/Starry/x86_64-linux-musl-cross/bin &&              cd /home/runner/work/Starry/Starry && ./build_img.sh x86_64 fat32 && sudo fuser -k 5555/tcp 5555/udp; make A=apps/monolithic_userboot ARCH=x86_64 TC=iperf APP_FEATURES=batch run' timed out after 400 seconds\nassert False","children":[{"name":"测试ArceOS 宏内核 基本功能","uid":"5b2345c0557e6c04","parentUid":"3ac11cab6e8f13b2014f307ee79fe922","status":"failed","time":{"start":1710948648764,"stop":1710949048859,"duration":400095},"flaky":false,"newFailed":false,"newPassed":false,"newBroken":false,"retriesCount":0,"retriesStatusChange":false,"parameters":["'iperf'"],"tags":["repeat(1)"]}],"uid":"3ac11cab6e8f13b2014f307ee79fe922"},{"name":"AssertionError: 测试失败，命令执行失败，错误信息：\n  测试发生异常: Command 'export PATH=$PATH:/home/xh/qemu-7.0.0/build:/home/runner/.cargo/bin:/home/runner/work/Starry/Starry/riscv64-linux-musl-cross/bin:/home/runner/work/Starry/Starry/aarch64-linux-musl-cross/bin:/home/runner/work/Starry/Starry/x86_64-linux-musl-cross/bin &&              cd /home/runner/work/Starry/Starry && ./build_img.sh x86_64 fat32 && sudo fuser -k 5555/tcp 5555/udp; make A=apps/monolithic_userboot ARCH=x86_64 TC=unixbench APP_FEATURES=batch run' timed out after 400 seconds\nassert False","children":[{"name":"测试ArceOS 宏内核 基本功能","uid":"b80a203ce56e056a","parentUid":"fbdf71a44cc8c0a91b2758c166e5b25d","status":"failed","time":{"start":1710949048864,"stop":1710949448966,"duration":400102},"flaky":false,"newFailed":false,"newPassed":false,"newBroken":false,"retriesCount":0,"retriesStatusChange":false,"parameters":["'unixbench'"],"tags":["repeat(1)"]}],"uid":"fbdf71a44cc8c0a91b2758c166e5b25d"},{"name":"AssertionError: 测试失败，失败用例条数：1，成功用例条数：108，错误信息：\n  \nassert False","children":[{"name":"测试ArceOS 宏内核 基本功能","uid":"ce54466975e12399","parentUid":"7f91cc7b5181c4a56229470623841aa8","status":"failed","time":{"start":1710949448972,"stop":1710949469480,"duration":20508},"flaky":false,"newFailed":false,"newPassed":false,"newBroken":false,"retriesCount":0,"retriesStatusChange":false,"parameters":["'libc-static'"],"tags":["repeat(1)"]}],"uid":"7f91cc7b5181c4a56229470623841aa8"}],"uid":"8fb3a91ba5aaf9de24cc8a92edc82b5d"}],"name":"categories"}