INFO     root:test_arceos.py:252 æµ‹è¯•å‰ç½®æ­¥éª¤ä¸€ï¼šåˆå§‹åŒ–cmdåº“
INFO     root:test_arceos.py:253 Setup for class with cmd
INFO     root:test_arceos.py:282 kernel_type=monokernel
INFO     root:test_arceos.py:283 test_cmd=export PATH=$PATH:/home/runner/.cargo/bin:/home/runner/work/Starry/Starry/riscv64-linux-musl-cross/bin &&              cd /home/runner/work/Starry/Starry && ./build_img.sh aarch64 && make A=apps/oscomp ARCH=aarch64 TC=libc-static run
INFO     root:test_arceos.py:285 res=rm: cannot remove 'disk.img': No such file or directory
30+0 records in
30+0 records out
125829120 bytes (126 MB, 120 MiB) copied, 0.119116 s, 1.1 GB/s
mkfs.fat 4.2 (2021-01-31)
Copying aarch64 fat32 testsuits-aarch64-linux-musl/* to disk
    [92;1mBuilding[0m App: oscomp, Arch: aarch64, Platform: aarch64-qemu-virt, App type: rust
[37mcargo build[0m [90m--target aarch64-unknown-none-softfloat --target-dir /home/runner/work/Starry/Starry/target --release  --manifest-path apps/oscomp/Cargo.toml --features "syscall_entry/log-level-off syscall_entry/fp_simd syscall_entry/syscall_fs syscall_entry/syscall_mem syscall_entry/syscall_task syscall_entry/futex syscall_entry/signal syscall_entry/img syscall_entry/syscall_net syscall_entry/fatfs"[0m
info: syncing channel updates for 'nightly-2023-11-30-x86_64-unknown-linux-gnu'
info: latest update on 2023-11-30, rust version 1.76.0-nightly (b10cfcd65 2023-11-29)
info: downloading component 'cargo'
info: downloading component 'clippy'
info: downloading component 'llvm-tools'
info: downloading component 'rust-src'
info: downloading component 'rust-std' for 'aarch64-unknown-none-softfloat'
info: downloading component 'rust-std' for 'riscv64gc-unknown-none-elf'
info: downloading component 'rust-std'
info: downloading component 'rust-std' for 'x86_64-unknown-none'
info: downloading component 'rustc'
info: downloading component 'rustfmt'
info: installing component 'cargo'
info: installing component 'clippy'
info: installing component 'llvm-tools'
info: installing component 'rust-src'
info: installing component 'rust-std' for 'aarch64-unknown-none-softfloat'
info: installing component 'rust-std' for 'riscv64gc-unknown-none-elf'
info: installing component 'rust-std'
info: installing component 'rust-std' for 'x86_64-unknown-none'
info: installing component 'rustc'
info: installing component 'rustfmt'
    Updating git repository `https://github.com/c0per/smoltcp`
    Updating git repository `https://github.com/rcore-os/bitmap-allocator.git`
    Updating crates.io index
    Updating git repository `https://github.com/lhw2002426/bcm2835-sdhci.git`
    Updating git repository `https://github.com/KuangjuX/ixgbe-driver.git`
    Updating git repository `https://github.com/rcore-os/virtio-drivers.git`
    Updating git repository `https://github.com/mexus/numeric-enum-macro`
    Updating git repository `https://github.com/rafalh/rust-fatfs`
    Updating git repository `https://github.com/elliott10/lwext4_rust.git`
    Updating git submodule `https://github.com/gkostka/lwext4.git`
 Downloading crates ...
  Downloaded bit v0.1.1
  Downloaded volatile v0.4.6
  Downloaded proc-macro-error v1.0.4
  Downloaded log v0.4.19
  Downloaded riscv v0.10.1
  Downloaded equivalent v1.0.1
  Downloaded spin v0.9.8
  Downloaded autocfg v1.1.0
  Downloaded num_enum_derive v0.5.11
  Downloaded byteorder v1.4.3
  Downloaded quote v1.0.33
  Downloaded xmas-elf v0.9.0
  Downloaded defmt v0.3.5
  Downloaded zerocopy-derive v0.7.26
  Downloaded libc v0.2.147
  Downloaded unicode-ident v1.0.11
  Downloaded nb v1.1.0
  Downloaded x86 v0.52.0
  Downloaded x86_64 v0.14.10
  Downloaded heapless v0.7.16
  Downloaded bitflags v1.3.2
  Downloaded hashbrown v0.14.0
  Downloaded zero v0.1.3
  Downloaded rand v0.8.5
  Downloaded critical-section v1.1.2
  Downloaded lazy_static v1.4.0
  Downloaded winnow v0.5.14
  Downloaded version_check v0.9.4
  Downloaded x2apic v0.4.2
  Downloaded rand_core v0.6.4
  Downloaded unicode-width v0.1.10
  Downloaded thiserror v1.0.47
  Downloaded proc-macro-error-attr v1.0.4
  Downloaded cfg-if v1.0.0
  Downloaded defmt-parser v0.3.3
  Downloaded tock-registers v0.8.1
  Downloaded num_enum v0.5.11
  Downloaded void v1.0.2
  Downloaded toml_datetime v0.6.3
  Downloaded paste v1.0.14
  Downloaded embedded-hal v0.2.7
  Downloaded static_assertions v1.1.0
  Downloaded syn v2.0.39
  Downloaded thiserror-impl v1.0.47
  Downloaded memchr v2.5.0
  Downloaded spin v0.5.2
  Downloaded rustc_version v0.4.0
  Downloaded stable_deref_trait v1.2.0
  Downloaded managed v0.8.0
  Downloaded lock_api v0.4.10
  Downloaded const-default v1.0.0
  Downloaded syn v1.0.109
  Downloaded scopeguard v1.2.0
  Downloaded svgbobdoc v0.3.0
  Downloaded indexmap v2.0.0
  Downloaded raw-cpuid v11.0.1
  Downloaded base64 v0.13.1
  Downloaded nb v0.1.3
  Downloaded bitflags v2.4.0
  Downloaded hash32 v0.2.1
  Downloaded rlsf v0.2.1
  Downloaded serde v1.0.185
  Downloaded bit_field v0.10.2
  Downloaded semver v1.0.18
  Downloaded defmt-macros v0.3.6
  Downloaded rustversion v1.0.14
  Downloaded raw-cpuid v10.7.0
  Downloaded zerocopy v0.7.26
  Downloaded toml_edit v0.19.14
  Downloaded proc-macro2 v1.0.69
  Downloaded aarch64-cpu v9.3.1
   Compiling proc-macro2 v1.0.69
   Compiling unicode-ident v1.0.11
   Compiling log v0.4.19
   Compiling equivalent v1.0.1
   Compiling serde v1.0.185
   Compiling hashbrown v0.14.0
   Compiling autocfg v1.1.0
   Compiling toml_datetime v0.6.3
   Compiling bitflags v2.4.0
   Compiling axerrno v0.1.0 (/home/runner/work/Starry/Starry/crates/axerrno)
   Compiling indexmap v2.0.0
   Compiling cfg-if v1.0.0
   Compiling syn v1.0.109
   Compiling quote v1.0.33
   Compiling winnow v0.5.14
   Compiling syn v2.0.39
   Compiling lock_api v0.4.10
   Compiling toml_edit v0.19.14
   Compiling scopeguard v1.2.0
   Compiling tock-registers v0.8.1
   Compiling bit_field v0.10.2
   Compiling base64 v0.13.1
   Compiling spin v0.9.8
   Compiling unicode-width v0.1.10
   Compiling memory_addr v0.1.0 (/home/runner/work/Starry/Starry/crates/memory_addr)
   Compiling svgbobdoc v0.3.0
   Compiling const-default v1.0.0
   Compiling nb v1.1.0
   Compiling nb v0.1.3
   Compiling bitmap-allocator v0.1.0 (https://github.com/rcore-os/bitmap-allocator.git?rev=88e871a#88e871a5)
   Compiling aarch64-cpu v9.3.1
   Compiling rlsf v0.2.1
   Compiling crate_interface v0.1.1 (/home/runner/work/Starry/Starry/crates/crate_interface)
   Compiling axfs_vfs v0.1.0 (/home/runner/work/Starry/Starry/crates/axfs_vfs)
   Compiling axconfig v0.1.0 (/home/runner/work/Starry/Starry/modules/axconfig)
   Compiling riscv v0.10.1
   Compiling spin v0.5.2
   Compiling byteorder v1.4.3
   Compiling kernel_guard v0.1.0 (/home/runner/work/Starry/Starry/crates/kernel_guard)
   Compiling spinlock v0.1.0 (/home/runner/work/Starry/Starry/crates/spinlock)
   Compiling void v1.0.2
   Compiling percpu v0.1.0 (/home/runner/work/Starry/Starry/crates/percpu)
   Compiling embedded-hal v0.2.7
   Compiling axhal v0.1.0 (/home/runner/work/Starry/Starry/modules/axhal)
   Compiling lazy_static v1.4.0
   Compiling allocator v0.1.0 (/home/runner/work/Starry/Starry/crates/allocator)
   Compiling percpu_macros v0.1.0 (/home/runner/work/Starry/Starry/crates/percpu_macros)
   Compiling critical-section v1.1.2
   Compiling axalloc v0.1.0 (/home/runner/work/Starry/Starry/modules/axalloc)
   Compiling page_table_entry v0.1.0 (/home/runner/work/Starry/Starry/crates/page_table_entry)
   Compiling axfs_ramfs v0.1.0 (/home/runner/work/Starry/Starry/crates/axfs_ramfs)
   Compiling axlog v0.1.0 (/home/runner/work/Starry/Starry/modules/axlog)
   Compiling page_table v0.1.0 (/home/runner/work/Starry/Starry/crates/page_table)
   Compiling dw_apb_uart v0.1.0 (/home/runner/work/Starry/Starry/crates/dw_apb_uart)
   Compiling arm_pl011 v0.1.0 (/home/runner/work/Starry/Starry/crates/arm_pl011)
   Compiling arm_gic v0.1.0 (/home/runner/work/Starry/Starry/crates/arm_gic)
   Compiling static_assertions v1.1.0
   Compiling handler_table v0.1.0 (/home/runner/work/Starry/Starry/crates/handler_table)
   Compiling lazy_init v0.1.0 (/home/runner/work/Starry/Starry/crates/lazy_init)
   Compiling ratio v0.1.0 (/home/runner/work/Starry/Starry/crates/ratio)
   Compiling zerocopy-derive v0.7.26
   Compiling driver_common v0.1.0 (/home/runner/work/Starry/Starry/crates/driver_common)
   Compiling linked_list v0.1.0 (/home/runner/work/Starry/Starry/crates/linked_list)
   Compiling numeric-enum-macro v0.2.0 (https://github.com/mexus/numeric-enum-macro#20aef288)
   Compiling scheduler v0.1.0 (/home/runner/work/Starry/Starry/crates/scheduler)
   Compiling driver_block v0.1.0 (/home/runner/work/Starry/Starry/crates/driver_block)
   Compiling driver_net v0.1.0 (/home/runner/work/Starry/Starry/crates/driver_net)
   Compiling axsignal v0.1.0 (/home/runner/work/Starry/Starry/modules/axsignal)
   Compiling timer_list v0.1.0 (/home/runner/work/Starry/Starry/crates/timer_list)
   Compiling axdriver v0.1.0 (/home/runner/work/Starry/Starry/modules/axdriver)
   Compiling bitflags v1.3.2
   Compiling axtask v0.1.0 (/home/runner/work/Starry/Starry/modules/axtask)
   Compiling semver v1.0.18
warning: unused variable: `kernel_base`
   --> modules/axtask/src/task.rs:778:9
    |
778 |     let kernel_base = kernel_sp - trap_frame_size;
    |         ^^^^^^^^^^^ help: if this is intentional, prefix it with an underscore: `_kernel_base`
    |
    = note: `#[warn(unused_variables)]` on by default

warning: unused variable: `frame_base`
   --> modules/axtask/src/task.rs:770:42
    |
770 | pub fn first_into_user(kernel_sp: usize, frame_base: usize) -> ! {
    |                                          ^^^^^^^^^^ help: if this is intentional, prefix it with an underscore: `_frame_base`

   Compiling rand_core v0.6.4
   Compiling axsync v0.1.0 (/home/runner/work/Starry/Starry/modules/axsync)
   Compiling rand v0.8.5
   Compiling axio v0.1.0 (/home/runner/work/Starry/Starry/crates/axio)
warning: `axtask` (lib) generated 2 warnings (run `cargo fix --lib -p axtask` to apply 2 suggestions)
   Compiling fatfs v0.4.0 (https://github.com/rafalh/rust-fatfs?rev=a3a834e#a3a834ef)
   Compiling zerocopy v0.7.26
   Compiling capability v0.1.0 (/home/runner/work/Starry/Starry/crates/capability)
   Compiling axfs_devfs v0.1.0 (/home/runner/work/Starry/Starry/crates/axfs_devfs)
   Compiling rustc_version v0.4.0
   Compiling zero v0.1.3
   Compiling xmas-elf v0.9.0
   Compiling heapless v0.7.16
   Compiling virtio-drivers v0.7.1 (https://github.com/rcore-os/virtio-drivers.git?rev=4b60f5d#4b60f5d3)
   Compiling hash32 v0.2.1
   Compiling smoltcp v0.10.0 (https://github.com/c0per/smoltcp?branch=starryos#a2e59192)
   Compiling stable_deref_trait v1.2.0
   Compiling managed v0.8.0
   Compiling num_enum_derive v0.5.11
   Compiling driver_virtio v0.1.0 (/home/runner/work/Starry/Starry/crates/driver_virtio)
   Compiling axfs v0.1.0 (/home/runner/work/Starry/Starry/modules/axfs)
   Compiling num_enum v0.5.11
error[E0412]: cannot find type `Kstat` in this scope
  --> modules/axfs/src/api/port.rs:89:18
   |
89 | impl Default for Kstat {
   |                  ^^^^^ not found in this scope

error[E0412]: cannot find type `Kstat` in this scope
   --> modules/axfs/src/api/port.rs:299:36
    |
299 |     fn get_stat(&self) -> AxResult<Kstat> {
    |                                    ^^^^^ not found in this scope
    |
help: you might be missing a type parameter
    |
266 | pub trait FileIO<Kstat>: AsAny + Send + Sync {
    |                 +++++++

For more information about this error, try `rustc --explain E0412`.
error: could not compile `axfs` (lib) due to 2 previous errors
warning: build failed, waiting for other jobs to finish...
make: *** [scripts/make/build.mk:41: _cargo_build] Error 101
INFO     root:test_arceos.py:289 ç”¨ä¾‹ç»“æžœä¿¡æ¯--->æµ‹è¯•å¤±è´¥ï¼Œå‘½ä»¤æ‰§è¡Œå¤±è´¥