{"f330da30b62f17ed1ba2cdc58812afbe":{"statistic":{"failed":0,"broken":0,"skipped":0,"passed":1,"unknown":0,"total":1},"items":[{"uid":"3ceecdce20a8899e","status":"passed","time":{"start":1709812380761,"stop":1709812392680,"duration":11919}}]},"869a94e4c4bceb6331c6962047bf6f42":{"statistic":{"failed":0,"broken":0,"skipped":0,"passed":1,"unknown":0,"total":1},"items":[{"uid":"86385f18800f5a32","status":"passed","time":{"start":1709812289817,"stop":1709812321322,"duration":31505}}]},"7db1c1f982d8caf5dda8d59e6fdce627":{"statistic":{"failed":0,"broken":0,"skipped":0,"passed":1,"unknown":0,"total":1},"items":[{"uid":"7b2641494fcfc5a","status":"passed","time":{"start":1709812787527,"stop":1709812894310,"duration":106783}}]},"4765b0f010c4ee365d68b861f1815adf":{"statistic":{"failed":0,"broken":0,"skipped":0,"passed":1,"unknown":0,"total":1},"items":[{"uid":"a5ded4d66f923eba","status":"passed","time":{"start":1709812392682,"stop":1709812787525,"duration":394843}}]},"efbfa347c00e5411482a9cb6fa5166bf":{"statistic":{"failed":1,"broken":0,"skipped":0,"passed":0,"unknown":0,"total":1},"items":[{"uid":"a0b4d35c7e894dfa","status":"failed","statusDetails":"AssertionError: 测试失败，失败用例条数：1，成功用例条数：110，错误信息：\n  \nassert False","time":{"start":1709812355453,"stop":1709812380754,"duration":25301}}]},"1abc4cf2a83690af69b69edbd1bd13fb":{"statistic":{"failed":1,"broken":0,"skipped":0,"passed":0,"unknown":0,"total":1},"items":[{"uid":"86031d5916cdc87","status":"failed","statusDetails":"AssertionError: 测试失败，失败用例条数：1，成功用例条数：108，错误信息：\n  \nassert False","time":{"start":1709812321324,"stop":1709812342342,"duration":21018}}]},"b9196bda6bd93d4a7584df4903ca0455":{"statistic":{"failed":0,"broken":0,"skipped":0,"passed":1,"unknown":0,"total":1},"items":[{"uid":"30d7af64370ba345","status":"passed","time":{"start":1709812342347,"stop":1709812355451,"duration":13104}}]},"9ac67be80491d9c576ae3ed0147ffdd9":{"statistic":{"failed":1,"broken":0,"skipped":0,"passed":0,"unknown":0,"total":1},"items":[{"uid":"c59d54f5283fefe8","status":"failed","statusDetails":"AssertionError: 测试失败，命令执行失败\nassert False","time":{"start":1709812237538,"stop":1709812289786,"duration":52248}}]}}