INFO     root:test_arceos.py:75 kernel_type=monokernel
INFO     root:test_arceos.py:76 test_cmd=export PATH=$PATH:/home/runner/.cargo/bin:/home/runner/work/Starry/Starry/riscv64-linux-musl-cross/bin &&              cd /home/runner/work/Starry/Starry && ./build_img.sh x86_64 FILE_SYSTEM && make A=apps/oscomp ARCH=x86_64 TC=busybox run
INFO     root:test_arceos.py:78 res=true
rm: cannot remove 'disk.img': No such file or directory
30+0 records in
30+0 records out
125829120 bytes (126 MB, 120 MiB) copied, 0.122937 s, 1.0 GB/s
mkfs.fat 4.2 (2021-01-31)
Copying x86_64 fat32 testsuits-x86_64-linux-musl/* to disk
    [92;1mBuilding[0m App: oscomp, Arch: x86_64, Platform: x86_64-qemu-q35, App type: rust
[37mcargo build[0m [90m--target x86_64-unknown-none --target-dir /home/runner/work/Starry/Starry/target --release  --manifest-path apps/oscomp/Cargo.toml --features "syscall_entry/log-level-off syscall_entry/bus-pci syscall_entry/fp_simd syscall_entry/syscall_fs syscall_entry/syscall_mem syscall_entry/syscall_task syscall_entry/futex syscall_entry/signal syscall_entry/img syscall_entry/syscall_net syscall_entry/fatfs"[0m
info: syncing channel updates for 'nightly-2023-11-30-x86_64-unknown-linux-gnu'
info: latest update on 2023-11-30, rust version 1.76.0-nightly (b10cfcd65 2023-11-29)
info: downloading component 'cargo'
info: downloading component 'clippy'
info: downloading component 'llvm-tools'
info: downloading component 'rust-src'
info: downloading component 'rust-std' for 'aarch64-unknown-none-softfloat'
info: downloading component 'rust-std' for 'riscv64gc-unknown-none-elf'
info: downloading component 'rust-std'
info: downloading component 'rust-std' for 'x86_64-unknown-none'
info: downloading component 'rustc'
info: downloading component 'rustfmt'
info: installing component 'cargo'
info: installing component 'clippy'
info: installing component 'llvm-tools'
info: installing component 'rust-src'
info: installing component 'rust-std' for 'aarch64-unknown-none-softfloat'
info: installing component 'rust-std' for 'riscv64gc-unknown-none-elf'
info: installing component 'rust-std'
info: installing component 'rust-std' for 'x86_64-unknown-none'
info: installing component 'rustc'
info: installing component 'rustfmt'
    Updating git repository `https://github.com/c0per/smoltcp`
    Updating git repository `https://github.com/rcore-os/bitmap-allocator.git`
    Updating crates.io index
    Updating git repository `https://github.com/lhw2002426/bcm2835-sdhci.git`
    Updating git repository `https://github.com/KuangjuX/ixgbe-driver.git`
    Updating git repository `https://github.com/rcore-os/virtio-drivers.git`
    Updating git repository `https://github.com/mexus/numeric-enum-macro`
    Updating git repository `https://github.com/rafalh/rust-fatfs`
    Updating git repository `https://github.com/elliott10/lwext4_rust.git`
    Updating git submodule `https://github.com/gkostka/lwext4.git`
 Downloading crates ...
  Downloaded lazy_static v1.4.0
  Downloaded bitflags v1.3.2
  Downloaded base64 v0.13.1
  Downloaded bitflags v2.4.0
  Downloaded volatile v0.4.6
  Downloaded proc-macro-error-attr v1.0.4
  Downloaded const-default v1.0.0
  Downloaded version_check v0.9.4
  Downloaded cfg-if v1.0.0
  Downloaded unicode-ident v1.0.11
  Downloaded managed v0.8.0
  Downloaded rand v0.8.5
  Downloaded zerocopy v0.7.26
  Downloaded syn v2.0.39
  Downloaded zerocopy-derive v0.7.26
  Downloaded libc v0.2.147
  Downloaded raw-cpuid v11.0.1
  Downloaded x86 v0.52.0
  Downloaded raw-cpuid v10.7.0
  Downloaded hashbrown v0.14.0
  Downloaded winnow v0.5.14
  Downloaded syn v1.0.109
  Downloaded toml_edit v0.19.14
  Downloaded heapless v0.7.16
  Downloaded proc-macro2 v1.0.69
  Downloaded memchr v2.5.0
  Downloaded nb v1.1.0
  Downloaded indexmap v2.0.0
  Downloaded x86_64 v0.14.10
  Downloaded semver v1.0.18
  Downloaded lock_api v0.4.10
  Downloaded rustversion v1.0.14
  Downloaded rand_core v0.6.4
  Downloaded xmas-elf v0.9.0
  Downloaded aarch64-cpu v9.3.1
  Downloaded thiserror-impl v1.0.47
  Downloaded defmt-macros v0.3.6
  Downloaded static_assertions v1.1.0
  Downloaded defmt-parser v0.3.3
  Downloaded num_enum v0.5.11
  Downloaded defmt v0.3.5
  Downloaded svgbobdoc v0.3.0
  Downloaded zero v0.1.3
  Downloaded proc-macro-error v1.0.4
  Downloaded bit_field v0.10.2
  Downloaded num_enum_derive v0.5.11
  Downloaded equivalent v1.0.1
  Downloaded paste v1.0.14
  Downloaded nb v0.1.3
  Downloaded bit v0.1.1
  Downloaded log v0.4.19
  Downloaded byteorder v1.4.3
  Downloaded x2apic v0.4.2
  Downloaded toml_datetime v0.6.3
  Downloaded spin v0.9.8
  Downloaded critical-section v1.1.2
  Downloaded spin v0.5.2
  Downloaded void v1.0.2
  Downloaded tock-registers v0.8.1
  Downloaded thiserror v1.0.47
  Downloaded stable_deref_trait v1.2.0
  Downloaded serde v1.0.185
  Downloaded riscv v0.10.1
  Downloaded rustc_version v0.4.0
  Downloaded embedded-hal v0.2.7
  Downloaded rlsf v0.2.1
  Downloaded scopeguard v1.2.0
  Downloaded quote v1.0.33
  Downloaded unicode-width v0.1.10
  Downloaded autocfg v1.1.0
  Downloaded hash32 v0.2.1
   Compiling proc-macro2 v1.0.69
   Compiling unicode-ident v1.0.11
   Compiling log v0.4.19
   Compiling autocfg v1.1.0
   Compiling bitflags v2.4.0
   Compiling bit_field v0.10.2
   Compiling bitflags v1.3.2
   Compiling hashbrown v0.14.0
   Compiling serde v1.0.185
   Compiling lock_api v0.4.10
   Compiling equivalent v1.0.1
   Compiling axerrno v0.1.0 (/home/runner/work/Starry/Starry/crates/axerrno)
   Compiling syn v1.0.109
   Compiling quote v1.0.33
   Compiling indexmap v2.0.0
   Compiling syn v2.0.39
   Compiling scopeguard v1.2.0
   Compiling winnow v0.5.14
   Compiling toml_datetime v0.6.3
   Compiling cfg-if v1.0.0
   Compiling spin v0.9.8
   Compiling toml_edit v0.19.14
   Compiling rustversion v1.0.14
   Compiling volatile v0.4.6
   Compiling base64 v0.13.1
   Compiling unicode-width v0.1.10
   Compiling svgbobdoc v0.3.0
   Compiling x86_64 v0.14.10
   Compiling raw-cpuid v10.7.0
   Compiling crate_interface v0.1.1 (/home/runner/work/Starry/Starry/crates/crate_interface)
   Compiling axconfig v0.1.0 (/home/runner/work/Starry/Starry/modules/axconfig)
   Compiling kernel_guard v0.1.0 (/home/runner/work/Starry/Starry/crates/kernel_guard)
   Compiling byteorder v1.4.3
   Compiling nb v1.1.0
   Compiling memory_addr v0.1.0 (/home/runner/work/Starry/Starry/crates/memory_addr)
   Compiling paste v1.0.14
   Compiling const-default v1.0.0
   Compiling tock-registers v0.8.1
   Compiling x86 v0.52.0
   Compiling aarch64-cpu v9.3.1
   Compiling rlsf v0.2.1
   Compiling nb v0.1.3
   Compiling spinlock v0.1.0 (/home/runner/work/Starry/Starry/crates/spinlock)
   Compiling axfs_vfs v0.1.0 (/home/runner/work/Starry/Starry/crates/axfs_vfs)
   Compiling bitmap-allocator v0.1.0 (https://github.com/rcore-os/bitmap-allocator.git?rev=88e871a#88e871a5)
   Compiling void v1.0.2
   Compiling spin v0.5.2
   Compiling riscv v0.10.1
   Compiling percpu v0.1.0 (/home/runner/work/Starry/Starry/crates/percpu)
   Compiling lazy_static v1.4.0
   Compiling embedded-hal v0.2.7
   Compiling allocator v0.1.0 (/home/runner/work/Starry/Starry/crates/allocator)
   Compiling axhal v0.1.0 (/home/runner/work/Starry/Starry/modules/axhal)
   Compiling percpu_macros v0.1.0 (/home/runner/work/Starry/Starry/crates/percpu_macros)
   Compiling critical-section v1.1.2
   Compiling bit v0.1.1
   Compiling x2apic v0.4.2
   Compiling axalloc v0.1.0 (/home/runner/work/Starry/Starry/modules/axalloc)
   Compiling page_table_entry v0.1.0 (/home/runner/work/Starry/Starry/crates/page_table_entry)
   Compiling axfs_ramfs v0.1.0 (/home/runner/work/Starry/Starry/crates/axfs_ramfs)
   Compiling axlog v0.1.0 (/home/runner/work/Starry/Starry/modules/axlog)
   Compiling zerocopy-derive v0.7.26
   Compiling raw-cpuid v11.0.1
   Compiling page_table v0.1.0 (/home/runner/work/Starry/Starry/crates/page_table)
   Compiling ratio v0.1.0 (/home/runner/work/Starry/Starry/crates/ratio)
   Compiling handler_table v0.1.0 (/home/runner/work/Starry/Starry/crates/handler_table)
   Compiling static_assertions v1.1.0
   Compiling lazy_init v0.1.0 (/home/runner/work/Starry/Starry/crates/lazy_init)
   Compiling driver_common v0.1.0 (/home/runner/work/Starry/Starry/crates/driver_common)
   Compiling linked_list v0.1.0 (/home/runner/work/Starry/Starry/crates/linked_list)
   Compiling numeric-enum-macro v0.2.0 (https://github.com/mexus/numeric-enum-macro#20aef288)
   Compiling driver_block v0.1.0 (/home/runner/work/Starry/Starry/crates/driver_block)
   Compiling scheduler v0.1.0 (/home/runner/work/Starry/Starry/crates/scheduler)
   Compiling driver_net v0.1.0 (/home/runner/work/Starry/Starry/crates/driver_net)
   Compiling timer_list v0.1.0 (/home/runner/work/Starry/Starry/crates/timer_list)
   Compiling axdriver v0.1.0 (/home/runner/work/Starry/Starry/modules/axdriver)
   Compiling semver v1.0.18
   Compiling rand_core v0.6.4
   Compiling axio v0.1.0 (/home/runner/work/Starry/Starry/crates/axio)
   Compiling rand v0.8.5
   Compiling zerocopy v0.7.26
   Compiling axfs_devfs v0.1.0 (/home/runner/work/Starry/Starry/crates/axfs_devfs)
   Compiling virtio-drivers v0.7.1 (https://github.com/rcore-os/virtio-drivers.git?rev=4b60f5d#4b60f5d3)
   Compiling axsignal v0.1.0 (/home/runner/work/Starry/Starry/modules/axsignal)
   Compiling axtask v0.1.0 (/home/runner/work/Starry/Starry/modules/axtask)
   Compiling capability v0.1.0 (/home/runner/work/Starry/Starry/crates/capability)
   Compiling fatfs v0.4.0 (https://github.com/rafalh/rust-fatfs?rev=a3a834e#a3a834ef)
   Compiling axsync v0.1.0 (/home/runner/work/Starry/Starry/modules/axsync)
   Compiling rustc_version v0.4.0
   Compiling zero v0.1.3
   Compiling xmas-elf v0.9.0
   Compiling heapless v0.7.16
   Compiling hash32 v0.2.1
   Compiling smoltcp v0.10.0 (https://github.com/c0per/smoltcp?branch=starryos#a2e59192)
   Compiling driver_pci v0.1.0 (/home/runner/work/Starry/Starry/crates/driver_pci)
   Compiling driver_virtio v0.1.0 (/home/runner/work/Starry/Starry/crates/driver_virtio)
   Compiling stable_deref_trait v1.2.0
   Compiling axfs v0.1.0 (/home/runner/work/Starry/Starry/modules/axfs)
   Compiling managed v0.8.0
   Compiling num_enum_derive v0.5.11
   Compiling axmem v0.1.0 (/home/runner/work/Starry/Starry/modules/axmem)
   Compiling axprocess v0.1.0 (/home/runner/work/Starry/Starry/modules/axprocess)
   Compiling num_enum v0.5.11
   Compiling syscall_utils v0.1.0 (/home/runner/work/Starry/Starry/ulib/axstarry/syscall_utils)
   Compiling syscall_fs v0.1.0 (/home/runner/work/Starry/Starry/ulib/axstarry/syscall_fs)
   Compiling axnet v0.1.0 (/home/runner/work/Starry/Starry/modules/axnet)
   Compiling syscall_mem v0.1.0 (/home/runner/work/Starry/Starry/ulib/axstarry/syscall_mem)
   Compiling axruntime v0.1.0 (/home/runner/work/Starry/Starry/modules/axruntime)
   Compiling axfeat v0.1.0 (/home/runner/work/Starry/Starry/api/axfeat)
   Compiling arceos_api v0.1.0 (/home/runner/work/Starry/Starry/api/arceos_api)
   Compiling syscall_net v0.1.0 (/home/runner/work/Starry/Starry/ulib/axstarry/syscall_net)
   Compiling syscall_task v0.1.0 (/home/runner/work/Starry/Starry/ulib/axstarry/syscall_task)
   Compiling syscall_entry v0.1.0 (/home/runner/work/Starry/Starry/ulib/axstarry/syscall_entry)
error[E0425]: cannot find value `LIBC_STATIC_0_TESTCASES` in this scope
   --> ulib/axstarry/syscall_entry/src/test.rs:674:38
    |
71  | / pub const LIBC_STATIC_TESTCASES: &[&str] = &[
72  | |     "busybox sh ./run-static.sh",
73  | |     // "./runtest.exe -w entry-static.exe argv",
74  | |     // "./runtest.exe -w entry-static.exe basename",
...   |
181 | |     // "./runtest.exe -w entry-static.exe wcsstr_false_negative",
182 | | ];
    | |__- similarly named constant `LIBC_STATIC_TESTCASES` defined here
...
674 |           "libc-static-0" => (Box::new(LIBC_STATIC_0_TESTCASES.iter()), LIBC_STATIC_0_TESTCASES.len()),
    |                                        ^^^^^^^^^^^^^^^^^^^^^^^ help: a constant with a similar name exists: `LIBC_STATIC_TESTCASES`

error[E0425]: cannot find value `LIBC_STATIC_0_TESTCASES` in this scope
   --> ulib/axstarry/syscall_entry/src/test.rs:674:71
    |
71  | / pub const LIBC_STATIC_TESTCASES: &[&str] = &[
72  | |     "busybox sh ./run-static.sh",
73  | |     // "./runtest.exe -w entry-static.exe argv",
74  | |     // "./runtest.exe -w entry-static.exe basename",
...   |
181 | |     // "./runtest.exe -w entry-static.exe wcsstr_false_negative",
182 | | ];
    | |__- similarly named constant `LIBC_STATIC_TESTCASES` defined here
...
674 |           "libc-static-0" => (Box::new(LIBC_STATIC_0_TESTCASES.iter()), LIBC_STATIC_0_TESTCASES.len()),
    |                                                                         ^^^^^^^^^^^^^^^^^^^^^^^ help: a constant with a similar name exists: `LIBC_STATIC_TESTCASES`

error[E0425]: cannot find value `LIBC_STATIC_1_TESTCASES` in this scope
   --> ulib/axstarry/syscall_entry/src/test.rs:675:38
    |
71  | / pub const LIBC_STATIC_TESTCASES: &[&str] = &[
72  | |     "busybox sh ./run-static.sh",
73  | |     // "./runtest.exe -w entry-static.exe argv",
74  | |     // "./runtest.exe -w entry-static.exe basename",
...   |
181 | |     // "./runtest.exe -w entry-static.exe wcsstr_false_negative",
182 | | ];
    | |__- similarly named constant `LIBC_STATIC_TESTCASES` defined here
...
675 |           "libc-static-1" => (Box::new(LIBC_STATIC_1_TESTCASES.iter()), LIBC_STATIC_1_TESTCASES.len()),
    |                                        ^^^^^^^^^^^^^^^^^^^^^^^ help: a constant with a similar name exists: `LIBC_STATIC_TESTCASES`

error[E0425]: cannot find value `LIBC_STATIC_1_TESTCASES` in this scope
   --> ulib/axstarry/syscall_entry/src/test.rs:675:71
    |
71  | / pub const LIBC_STATIC_TESTCASES: &[&str] = &[
72  | |     "busybox sh ./run-static.sh",
73  | |     // "./runtest.exe -w entry-static.exe argv",
74  | |     // "./runtest.exe -w entry-static.exe basename",
...   |
181 | |     // "./runtest.exe -w entry-static.exe wcsstr_false_negative",
182 | | ];
    | |__- similarly named constant `LIBC_STATIC_TESTCASES` defined here
...
675 |           "libc-static-1" => (Box::new(LIBC_STATIC_1_TESTCASES.iter()), LIBC_STATIC_1_TESTCASES.len()),
    |                                                                         ^^^^^^^^^^^^^^^^^^^^^^^ help: a constant with a similar name exists: `LIBC_STATIC_TESTCASES`

error[E0425]: cannot find value `LIBC_STATIC_2_TESTCASES` in this scope
   --> ulib/axstarry/syscall_entry/src/test.rs:676:38
    |
71  | / pub const LIBC_STATIC_TESTCASES: &[&str] = &[
72  | |     "busybox sh ./run-static.sh",
73  | |     // "./runtest.exe -w entry-static.exe argv",
74  | |     // "./runtest.exe -w entry-static.exe basename",
...   |
181 | |     // "./runtest.exe -w entry-static.exe wcsstr_false_negative",
182 | | ];
    | |__- similarly named constant `LIBC_STATIC_TESTCASES` defined here
...
676 |           "libc-static-2" => (Box::new(LIBC_STATIC_2_TESTCASES.iter()), LIBC_STATIC_2_TESTCASES.len()),
    |                                        ^^^^^^^^^^^^^^^^^^^^^^^ help: a constant with a similar name exists: `LIBC_STATIC_TESTCASES`

error[E0425]: cannot find value `LIBC_STATIC_2_TESTCASES` in this scope
   --> ulib/axstarry/syscall_entry/src/test.rs:676:71
    |
71  | / pub const LIBC_STATIC_TESTCASES: &[&str] = &[
72  | |     "busybox sh ./run-static.sh",
73  | |     // "./runtest.exe -w entry-static.exe argv",
74  | |     // "./runtest.exe -w entry-static.exe basename",
...   |
181 | |     // "./runtest.exe -w entry-static.exe wcsstr_false_negative",
182 | | ];
    | |__- similarly named constant `LIBC_STATIC_TESTCASES` defined here
...
676 |           "libc-static-2" => (Box::new(LIBC_STATIC_2_TESTCASES.iter()), LIBC_STATIC_2_TESTCASES.len()),
    |                                                                         ^^^^^^^^^^^^^^^^^^^^^^^ help: a constant with a similar name exists: `LIBC_STATIC_TESTCASES`

error[E0425]: cannot find value `LIBC_STATIC_3_TESTCASES` in this scope
   --> ulib/axstarry/syscall_entry/src/test.rs:677:38
    |
71  | / pub const LIBC_STATIC_TESTCASES: &[&str] = &[
72  | |     "busybox sh ./run-static.sh",
73  | |     // "./runtest.exe -w entry-static.exe argv",
74  | |     // "./runtest.exe -w entry-static.exe basename",
...   |
181 | |     // "./runtest.exe -w entry-static.exe wcsstr_false_negative",
182 | | ];
    | |__- similarly named constant `LIBC_STATIC_TESTCASES` defined here
...
677 |           "libc-static-3" => (Box::new(LIBC_STATIC_3_TESTCASES.iter()), LIBC_STATIC_3_TESTCASES.len()),
    |                                        ^^^^^^^^^^^^^^^^^^^^^^^ help: a constant with a similar name exists: `LIBC_STATIC_TESTCASES`

error[E0425]: cannot find value `LIBC_STATIC_3_TESTCASES` in this scope
   --> ulib/axstarry/syscall_entry/src/test.rs:677:71
    |
71  | / pub const LIBC_STATIC_TESTCASES: &[&str] = &[
72  | |     "busybox sh ./run-static.sh",
73  | |     // "./runtest.exe -w entry-static.exe argv",
74  | |     // "./runtest.exe -w entry-static.exe basename",
...   |
181 | |     // "./runtest.exe -w entry-static.exe wcsstr_false_negative",
182 | | ];
    | |__- similarly named constant `LIBC_STATIC_TESTCASES` defined here
...
677 |           "libc-static-3" => (Box::new(LIBC_STATIC_3_TESTCASES.iter()), LIBC_STATIC_3_TESTCASES.len()),
    |                                                                         ^^^^^^^^^^^^^^^^^^^^^^^ help: a constant with a similar name exists: `LIBC_STATIC_TESTCASES`

error[E0425]: cannot find value `LIBC_STATIC_4_TESTCASES` in this scope
   --> ulib/axstarry/syscall_entry/src/test.rs:678:38
    |
71  | / pub const LIBC_STATIC_TESTCASES: &[&str] = &[
72  | |     "busybox sh ./run-static.sh",
73  | |     // "./runtest.exe -w entry-static.exe argv",
74  | |     // "./runtest.exe -w entry-static.exe basename",
...   |
181 | |     // "./runtest.exe -w entry-static.exe wcsstr_false_negative",
182 | | ];
    | |__- similarly named constant `LIBC_STATIC_TESTCASES` defined here
...
678 |           "libc-static-4" => (Box::new(LIBC_STATIC_4_TESTCASES.iter()), LIBC_STATIC_4_TESTCASES.len()),
    |                                        ^^^^^^^^^^^^^^^^^^^^^^^ help: a constant with a similar name exists: `LIBC_STATIC_TESTCASES`

error[E0425]: cannot find value `LIBC_STATIC_4_TESTCASES` in this scope
   --> ulib/axstarry/syscall_entry/src/test.rs:678:71
    |
71  | / pub const LIBC_STATIC_TESTCASES: &[&str] = &[
72  | |     "busybox sh ./run-static.sh",
73  | |     // "./runtest.exe -w entry-static.exe argv",
74  | |     // "./runtest.exe -w entry-static.exe basename",
...   |
181 | |     // "./runtest.exe -w entry-static.exe wcsstr_false_negative",
182 | | ];
    | |__- similarly named constant `LIBC_STATIC_TESTCASES` defined here
...
678 |           "libc-static-4" => (Box::new(LIBC_STATIC_4_TESTCASES.iter()), LIBC_STATIC_4_TESTCASES.len()),
    |                                                                         ^^^^^^^^^^^^^^^^^^^^^^^ help: a constant with a similar name exists: `LIBC_STATIC_TESTCASES`

error[E0425]: cannot find value `LIBC_STATIC_5_TESTCASES` in this scope
   --> ulib/axstarry/syscall_entry/src/test.rs:679:38
    |
71  | / pub const LIBC_STATIC_TESTCASES: &[&str] = &[
72  | |     "busybox sh ./run-static.sh",
73  | |     // "./runtest.exe -w entry-static.exe argv",
74  | |     // "./runtest.exe -w entry-static.exe basename",
...   |
181 | |     // "./runtest.exe -w entry-static.exe wcsstr_false_negative",
182 | | ];
    | |__- similarly named constant `LIBC_STATIC_TESTCASES` defined here
...
679 |           "libc-static-5" => (Box::new(LIBC_STATIC_5_TESTCASES.iter()), LIBC_STATIC_5_TESTCASES.len()),
    |                                        ^^^^^^^^^^^^^^^^^^^^^^^ help: a constant with a similar name exists: `LIBC_STATIC_TESTCASES`

error[E0425]: cannot find value `LIBC_STATIC_5_TESTCASES` in this scope
   --> ulib/axstarry/syscall_entry/src/test.rs:679:71
    |
71  | / pub const LIBC_STATIC_TESTCASES: &[&str] = &[
72  | |     "busybox sh ./run-static.sh",
73  | |     // "./runtest.exe -w entry-static.exe argv",
74  | |     // "./runtest.exe -w entry-static.exe basename",
...   |
181 | |     // "./runtest.exe -w entry-static.exe wcsstr_false_negative",
182 | | ];
    | |__- similarly named constant `LIBC_STATIC_TESTCASES` defined here
...
679 |           "libc-static-5" => (Box::new(LIBC_STATIC_5_TESTCASES.iter()), LIBC_STATIC_5_TESTCASES.len()),
    |                                                                         ^^^^^^^^^^^^^^^^^^^^^^^ help: a constant with a similar name exists: `LIBC_STATIC_TESTCASES`

error[E0425]: cannot find value `LIBC_STATIC_6_TESTCASES` in this scope
   --> ulib/axstarry/syscall_entry/src/test.rs:680:38
    |
71  | / pub const LIBC_STATIC_TESTCASES: &[&str] = &[
72  | |     "busybox sh ./run-static.sh",
73  | |     // "./runtest.exe -w entry-static.exe argv",
74  | |     // "./runtest.exe -w entry-static.exe basename",
...   |
181 | |     // "./runtest.exe -w entry-static.exe wcsstr_false_negative",
182 | | ];
    | |__- similarly named constant `LIBC_STATIC_TESTCASES` defined here
...
680 |           "libc-static-6" => (Box::new(LIBC_STATIC_6_TESTCASES.iter()), LIBC_STATIC_6_TESTCASES.len()),
    |                                        ^^^^^^^^^^^^^^^^^^^^^^^ help: a constant with a similar name exists: `LIBC_STATIC_TESTCASES`

error[E0425]: cannot find value `LIBC_STATIC_6_TESTCASES` in this scope
   --> ulib/axstarry/syscall_entry/src/test.rs:680:71
    |
71  | / pub const LIBC_STATIC_TESTCASES: &[&str] = &[
72  | |     "busybox sh ./run-static.sh",
73  | |     // "./runtest.exe -w entry-static.exe argv",
74  | |     // "./runtest.exe -w entry-static.exe basename",
...   |
181 | |     // "./runtest.exe -w entry-static.exe wcsstr_false_negative",
182 | | ];
    | |__- similarly named constant `LIBC_STATIC_TESTCASES` defined here
...
680 |           "libc-static-6" => (Box::new(LIBC_STATIC_6_TESTCASES.iter()), LIBC_STATIC_6_TESTCASES.len()),
    |                                                                         ^^^^^^^^^^^^^^^^^^^^^^^ help: a constant with a similar name exists: `LIBC_STATIC_TESTCASES`

error[E0425]: cannot find value `LIBC_STATIC_7_TESTCASES` in this scope
   --> ulib/axstarry/syscall_entry/src/test.rs:681:38
    |
71  | / pub const LIBC_STATIC_TESTCASES: &[&str] = &[
72  | |     "busybox sh ./run-static.sh",
73  | |     // "./runtest.exe -w entry-static.exe argv",
74  | |     // "./runtest.exe -w entry-static.exe basename",
...   |
181 | |     // "./runtest.exe -w entry-static.exe wcsstr_false_negative",
182 | | ];
    | |__- similarly named constant `LIBC_STATIC_TESTCASES` defined here
...
681 |           "libc-static-7" => (Box::new(LIBC_STATIC_7_TESTCASES.iter()), LIBC_STATIC_7_TESTCASES.len()),
    |                                        ^^^^^^^^^^^^^^^^^^^^^^^ help: a constant with a similar name exists: `LIBC_STATIC_TESTCASES`

error[E0425]: cannot find value `LIBC_STATIC_7_TESTCASES` in this scope
   --> ulib/axstarry/syscall_entry/src/test.rs:681:71
    |
71  | / pub const LIBC_STATIC_TESTCASES: &[&str] = &[
72  | |     "busybox sh ./run-static.sh",
73  | |     // "./runtest.exe -w entry-static.exe argv",
74  | |     // "./runtest.exe -w entry-static.exe basename",
...   |
181 | |     // "./runtest.exe -w entry-static.exe wcsstr_false_negative",
182 | | ];
    | |__- similarly named constant `LIBC_STATIC_TESTCASES` defined here
...
681 |           "libc-static-7" => (Box::new(LIBC_STATIC_7_TESTCASES.iter()), LIBC_STATIC_7_TESTCASES.len()),
    |                                                                         ^^^^^^^^^^^^^^^^^^^^^^^ help: a constant with a similar name exists: `LIBC_STATIC_TESTCASES`

error[E0425]: cannot find value `LIBC_STATIC_8_TESTCASES` in this scope
   --> ulib/axstarry/syscall_entry/src/test.rs:682:38
    |
71  | / pub const LIBC_STATIC_TESTCASES: &[&str] = &[
72  | |     "busybox sh ./run-static.sh",
73  | |     // "./runtest.exe -w entry-static.exe argv",
74  | |     // "./runtest.exe -w entry-static.exe basename",
...   |
181 | |     // "./runtest.exe -w entry-static.exe wcsstr_false_negative",
182 | | ];
    | |__- similarly named constant `LIBC_STATIC_TESTCASES` defined here
...
682 |           "libc-static-8" => (Box::new(LIBC_STATIC_8_TESTCASES.iter()), LIBC_STATIC_8_TESTCASES.len()),
    |                                        ^^^^^^^^^^^^^^^^^^^^^^^ help: a constant with a similar name exists: `LIBC_STATIC_TESTCASES`

error[E0425]: cannot find value `LIBC_STATIC_8_TESTCASES` in this scope
   --> ulib/axstarry/syscall_entry/src/test.rs:682:71
    |
71  | / pub const LIBC_STATIC_TESTCASES: &[&str] = &[
72  | |     "busybox sh ./run-static.sh",
73  | |     // "./runtest.exe -w entry-static.exe argv",
74  | |     // "./runtest.exe -w entry-static.exe basename",
...   |
181 | |     // "./runtest.exe -w entry-static.exe wcsstr_false_negative",
182 | | ];
    | |__- similarly named constant `LIBC_STATIC_TESTCASES` defined here
...
682 |           "libc-static-8" => (Box::new(LIBC_STATIC_8_TESTCASES.iter()), LIBC_STATIC_8_TESTCASES.len()),
    |                                                                         ^^^^^^^^^^^^^^^^^^^^^^^ help: a constant with a similar name exists: `LIBC_STATIC_TESTCASES`

error[E0425]: cannot find value `LIBC_STATIC_9_TESTCASES` in this scope
   --> ulib/axstarry/syscall_entry/src/test.rs:683:38
    |
71  | / pub const LIBC_STATIC_TESTCASES: &[&str] = &[
72  | |     "busybox sh ./run-static.sh",
73  | |     // "./runtest.exe -w entry-static.exe argv",
74  | |     // "./runtest.exe -w entry-static.exe basename",
...   |
181 | |     // "./runtest.exe -w entry-static.exe wcsstr_false_negative",
182 | | ];
    | |__- similarly named constant `LIBC_STATIC_TESTCASES` defined here
...
683 |           "libc-static-9" => (Box::new(LIBC_STATIC_9_TESTCASES.iter()), LIBC_STATIC_9_TESTCASES.len()),
    |                                        ^^^^^^^^^^^^^^^^^^^^^^^ help: a constant with a similar name exists: `LIBC_STATIC_TESTCASES`

error[E0425]: cannot find value `LIBC_STATIC_9_TESTCASES` in this scope
   --> ulib/axstarry/syscall_entry/src/test.rs:683:71
    |
71  | / pub const LIBC_STATIC_TESTCASES: &[&str] = &[
72  | |     "busybox sh ./run-static.sh",
73  | |     // "./runtest.exe -w entry-static.exe argv",
74  | |     // "./runtest.exe -w entry-static.exe basename",
...   |
181 | |     // "./runtest.exe -w entry-static.exe wcsstr_false_negative",
182 | | ];
    | |__- similarly named constant `LIBC_STATIC_TESTCASES` defined here
...
683 |           "libc-static-9" => (Box::new(LIBC_STATIC_9_TESTCASES.iter()), LIBC_STATIC_9_TESTCASES.len()),
    |                                                                         ^^^^^^^^^^^^^^^^^^^^^^^ help: a constant with a similar name exists: `LIBC_STATIC_TESTCASES`

error[E0425]: cannot find value `LIBC_DYNAMIC_0_TESTCASES` in this scope
   --> ulib/axstarry/syscall_entry/src/test.rs:686:39
    |
186 | / pub const LIBC_DYNAMIC_TESTCASES: &[&str] = &[
187 | |     "busybox sh ./run-dynamic.sh",
188 | |     // "./runtest.exe -w entry-dynamic.exe argv.dout",
189 | |     // "./runtest.exe -w entry-dynamic.exe basename.dout",
...   |
299 | |     // "./runtest.exe -w entry-dynamic.exe wcsstr_false_negative.dout",
300 | | ];
    | |__- similarly named constant `LIBC_DYNAMIC_TESTCASES` defined here
...
686 |           "libc-dynamic-0" => (Box::new(LIBC_DYNAMIC_0_TESTCASES.iter()), LIBC_DYNAMIC_0_TESTCASES.len()),
    |                                         ^^^^^^^^^^^^^^^^^^^^^^^^ help: a constant with a similar name exists: `LIBC_DYNAMIC_TESTCASES`

error[E0425]: cannot find value `LIBC_DYNAMIC_0_TESTCASES` in this scope
   --> ulib/axstarry/syscall_entry/src/test.rs:686:73
    |
186 | / pub const LIBC_DYNAMIC_TESTCASES: &[&str] = &[
187 | |     "busybox sh ./run-dynamic.sh",
188 | |     // "./runtest.exe -w entry-dynamic.exe argv.dout",
189 | |     // "./runtest.exe -w entry-dynamic.exe basename.dout",
...   |
299 | |     // "./runtest.exe -w entry-dynamic.exe wcsstr_false_negative.dout",
300 | | ];
    | |__- similarly named constant `LIBC_DYNAMIC_TESTCASES` defined here
...
686 |           "libc-dynamic-0" => (Box::new(LIBC_DYNAMIC_0_TESTCASES.iter()), LIBC_DYNAMIC_0_TESTCASES.len()),
    |                                                                           ^^^^^^^^^^^^^^^^^^^^^^^^ help: a constant with a similar name exists: `LIBC_DYNAMIC_TESTCASES`

error[E0425]: cannot find value `LIBC_DYNAMIC_1_TESTCASES` in this scope
   --> ulib/axstarry/syscall_entry/src/test.rs:687:39
    |
186 | / pub const LIBC_DYNAMIC_TESTCASES: &[&str] = &[
187 | |     "busybox sh ./run-dynamic.sh",
188 | |     // "./runtest.exe -w entry-dynamic.exe argv.dout",
189 | |     // "./runtest.exe -w entry-dynamic.exe basename.dout",
...   |
299 | |     // "./runtest.exe -w entry-dynamic.exe wcsstr_false_negative.dout",
300 | | ];
    | |__- similarly named constant `LIBC_DYNAMIC_TESTCASES` defined here
...
687 |           "libc-dynamic-1" => (Box::new(LIBC_DYNAMIC_1_TESTCASES.iter()), LIBC_DYNAMIC_1_TESTCASES.len()),
    |                                         ^^^^^^^^^^^^^^^^^^^^^^^^ help: a constant with a similar name exists: `LIBC_DYNAMIC_TESTCASES`

error[E0425]: cannot find value `LIBC_DYNAMIC_1_TESTCASES` in this scope
   --> ulib/axstarry/syscall_entry/src/test.rs:687:73
    |
186 | / pub const LIBC_DYNAMIC_TESTCASES: &[&str] = &[
187 | |     "busybox sh ./run-dynamic.sh",
188 | |     // "./runtest.exe -w entry-dynamic.exe argv.dout",
189 | |     // "./runtest.exe -w entry-dynamic.exe basename.dout",
...   |
299 | |     // "./runtest.exe -w entry-dynamic.exe wcsstr_false_negative.dout",
300 | | ];
    | |__- similarly named constant `LIBC_DYNAMIC_TESTCASES` defined here
...
687 |           "libc-dynamic-1" => (Box::new(LIBC_DYNAMIC_1_TESTCASES.iter()), LIBC_DYNAMIC_1_TESTCASES.len()),
    |                                                                           ^^^^^^^^^^^^^^^^^^^^^^^^ help: a constant with a similar name exists: `LIBC_DYNAMIC_TESTCASES`

error[E0425]: cannot find value `LIBC_DYNAMIC_2_TESTCASES` in this scope
   --> ulib/axstarry/syscall_entry/src/test.rs:688:39
    |
186 | / pub const LIBC_DYNAMIC_TESTCASES: &[&str] = &[
187 | |     "busybox sh ./run-dynamic.sh",
188 | |     // "./runtest.exe -w entry-dynamic.exe argv.dout",
189 | |     // "./runtest.exe -w entry-dynamic.exe basename.dout",
...   |
299 | |     // "./runtest.exe -w entry-dynamic.exe wcsstr_false_negative.dout",
300 | | ];
    | |__- similarly named constant `LIBC_DYNAMIC_TESTCASES` defined here
...
688 |           "libc-dynamic-2" => (Box::new(LIBC_DYNAMIC_2_TESTCASES.iter()), LIBC_DYNAMIC_2_TESTCASES.len()),
    |                                         ^^^^^^^^^^^^^^^^^^^^^^^^ help: a constant with a similar name exists: `LIBC_DYNAMIC_TESTCASES`

error[E0425]: cannot find value `LIBC_DYNAMIC_2_TESTCASES` in this scope
   --> ulib/axstarry/syscall_entry/src/test.rs:688:73
    |
186 | / pub const LIBC_DYNAMIC_TESTCASES: &[&str] = &[
187 | |     "busybox sh ./run-dynamic.sh",
188 | |     // "./runtest.exe -w entry-dynamic.exe argv.dout",
189 | |     // "./runtest.exe -w entry-dynamic.exe basename.dout",
...   |
299 | |     // "./runtest.exe -w entry-dynamic.exe wcsstr_false_negative.dout",
300 | | ];
    | |__- similarly named constant `LIBC_DYNAMIC_TESTCASES` defined here
...
688 |           "libc-dynamic-2" => (Box::new(LIBC_DYNAMIC_2_TESTCASES.iter()), LIBC_DYNAMIC_2_TESTCASES.len()),
    |                                                                           ^^^^^^^^^^^^^^^^^^^^^^^^ help: a constant with a similar name exists: `LIBC_DYNAMIC_TESTCASES`

error[E0425]: cannot find value `LIBC_DYNAMIC_3_TESTCASES` in this scope
   --> ulib/axstarry/syscall_entry/src/test.rs:689:39
    |
186 | / pub const LIBC_DYNAMIC_TESTCASES: &[&str] = &[
187 | |     "busybox sh ./run-dynamic.sh",
188 | |     // "./runtest.exe -w entry-dynamic.exe argv.dout",
189 | |     // "./runtest.exe -w entry-dynamic.exe basename.dout",
...   |
299 | |     // "./runtest.exe -w entry-dynamic.exe wcsstr_false_negative.dout",
300 | | ];
    | |__- similarly named constant `LIBC_DYNAMIC_TESTCASES` defined here
...
689 |           "libc-dynamic-3" => (Box::new(LIBC_DYNAMIC_3_TESTCASES.iter()), LIBC_DYNAMIC_3_TESTCASES.len()),
    |                                         ^^^^^^^^^^^^^^^^^^^^^^^^ help: a constant with a similar name exists: `LIBC_DYNAMIC_TESTCASES`

error[E0425]: cannot find value `LIBC_DYNAMIC_3_TESTCASES` in this scope
   --> ulib/axstarry/syscall_entry/src/test.rs:689:73
    |
186 | / pub const LIBC_DYNAMIC_TESTCASES: &[&str] = &[
187 | |     "busybox sh ./run-dynamic.sh",
188 | |     // "./runtest.exe -w entry-dynamic.exe argv.dout",
189 | |     // "./runtest.exe -w entry-dynamic.exe basename.dout",
...   |
299 | |     // "./runtest.exe -w entry-dynamic.exe wcsstr_false_negative.dout",
300 | | ];
    | |__- similarly named constant `LIBC_DYNAMIC_TESTCASES` defined here
...
689 |           "libc-dynamic-3" => (Box::new(LIBC_DYNAMIC_3_TESTCASES.iter()), LIBC_DYNAMIC_3_TESTCASES.len()),
    |                                                                           ^^^^^^^^^^^^^^^^^^^^^^^^ help: a constant with a similar name exists: `LIBC_DYNAMIC_TESTCASES`

error[E0425]: cannot find value `LIBC_DYNAMIC_4_TESTCASES` in this scope
   --> ulib/axstarry/syscall_entry/src/test.rs:690:39
    |
186 | / pub const LIBC_DYNAMIC_TESTCASES: &[&str] = &[
187 | |     "busybox sh ./run-dynamic.sh",
188 | |     // "./runtest.exe -w entry-dynamic.exe argv.dout",
189 | |     // "./runtest.exe -w entry-dynamic.exe basename.dout",
...   |
299 | |     // "./runtest.exe -w entry-dynamic.exe wcsstr_false_negative.dout",
300 | | ];
    | |__- similarly named constant `LIBC_DYNAMIC_TESTCASES` defined here
...
690 |           "libc-dynamic-4" => (Box::new(LIBC_DYNAMIC_4_TESTCASES.iter()), LIBC_DYNAMIC_5_TESTCASES.len()),
    |                                         ^^^^^^^^^^^^^^^^^^^^^^^^ help: a constant with a similar name exists: `LIBC_DYNAMIC_TESTCASES`

error[E0425]: cannot find value `LIBC_DYNAMIC_5_TESTCASES` in this scope
   --> ulib/axstarry/syscall_entry/src/test.rs:690:73
    |
186 | / pub const LIBC_DYNAMIC_TESTCASES: &[&str] = &[
187 | |     "busybox sh ./run-dynamic.sh",
188 | |     // "./runtest.exe -w entry-dynamic.exe argv.dout",
189 | |     // "./runtest.exe -w entry-dynamic.exe basename.dout",
...   |
299 | |     // "./runtest.exe -w entry-dynamic.exe wcsstr_false_negative.dout",
300 | | ];
    | |__- similarly named constant `LIBC_DYNAMIC_TESTCASES` defined here
...
690 |           "libc-dynamic-4" => (Box::new(LIBC_DYNAMIC_4_TESTCASES.iter()), LIBC_DYNAMIC_5_TESTCASES.len()),
    |                                                                           ^^^^^^^^^^^^^^^^^^^^^^^^ help: a constant with a similar name exists: `LIBC_DYNAMIC_TESTCASES`

error[E0425]: cannot find value `LIBC_DYNAMIC_6_TESTCASES` in this scope
   --> ulib/axstarry/syscall_entry/src/test.rs:691:39
    |
186 | / pub const LIBC_DYNAMIC_TESTCASES: &[&str] = &[
187 | |     "busybox sh ./run-dynamic.sh",
188 | |     // "./runtest.exe -w entry-dynamic.exe argv.dout",
189 | |     // "./runtest.exe -w entry-dynamic.exe basename.dout",
...   |
299 | |     // "./runtest.exe -w entry-dynamic.exe wcsstr_false_negative.dout",
300 | | ];
    | |__- similarly named constant `LIBC_DYNAMIC_TESTCASES` defined here
...
691 |           "libc-dynamic-6" => (Box::new(LIBC_DYNAMIC_6_TESTCASES.iter()), LIBC_DYNAMIC_6_TESTCASES.len()),
    |                                         ^^^^^^^^^^^^^^^^^^^^^^^^ help: a constant with a similar name exists: `LIBC_DYNAMIC_TESTCASES`

error[E0425]: cannot find value `LIBC_DYNAMIC_6_TESTCASES` in this scope
   --> ulib/axstarry/syscall_entry/src/test.rs:691:73
    |
186 | / pub const LIBC_DYNAMIC_TESTCASES: &[&str] = &[
187 | |     "busybox sh ./run-dynamic.sh",
188 | |     // "./runtest.exe -w entry-dynamic.exe argv.dout",
189 | |     // "./runtest.exe -w entry-dynamic.exe basename.dout",
...   |
299 | |     // "./runtest.exe -w entry-dynamic.exe wcsstr_false_negative.dout",
300 | | ];
    | |__- similarly named constant `LIBC_DYNAMIC_TESTCASES` defined here
...
691 |           "libc-dynamic-6" => (Box::new(LIBC_DYNAMIC_6_TESTCASES.iter()), LIBC_DYNAMIC_6_TESTCASES.len()),
    |                                                                           ^^^^^^^^^^^^^^^^^^^^^^^^ help: a constant with a similar name exists: `LIBC_DYNAMIC_TESTCASES`

error[E0425]: cannot find value `LIBC_DYNAMIC_7_TESTCASES` in this scope
   --> ulib/axstarry/syscall_entry/src/test.rs:692:39
    |
186 | / pub const LIBC_DYNAMIC_TESTCASES: &[&str] = &[
187 | |     "busybox sh ./run-dynamic.sh",
188 | |     // "./runtest.exe -w entry-dynamic.exe argv.dout",
189 | |     // "./runtest.exe -w entry-dynamic.exe basename.dout",
...   |
299 | |     // "./runtest.exe -w entry-dynamic.exe wcsstr_false_negative.dout",
300 | | ];
    | |__- similarly named constant `LIBC_DYNAMIC_TESTCASES` defined here
...
692 |           "libc-dynamic-7" => (Box::new(LIBC_DYNAMIC_7_TESTCASES.iter()), LIBC_DYNAMIC_7_TESTCASES.len()),
    |                                         ^^^^^^^^^^^^^^^^^^^^^^^^ help: a constant with a similar name exists: `LIBC_DYNAMIC_TESTCASES`

error[E0425]: cannot find value `LIBC_DYNAMIC_7_TESTCASES` in this scope
   --> ulib/axstarry/syscall_entry/src/test.rs:692:73
    |
186 | / pub const LIBC_DYNAMIC_TESTCASES: &[&str] = &[
187 | |     "busybox sh ./run-dynamic.sh",
188 | |     // "./runtest.exe -w entry-dynamic.exe argv.dout",
189 | |     // "./runtest.exe -w entry-dynamic.exe basename.dout",
...   |
299 | |     // "./runtest.exe -w entry-dynamic.exe wcsstr_false_negative.dout",
300 | | ];
    | |__- similarly named constant `LIBC_DYNAMIC_TESTCASES` defined here
...
692 |           "libc-dynamic-7" => (Box::new(LIBC_DYNAMIC_7_TESTCASES.iter()), LIBC_DYNAMIC_7_TESTCASES.len()),
    |                                                                           ^^^^^^^^^^^^^^^^^^^^^^^^ help: a constant with a similar name exists: `LIBC_DYNAMIC_TESTCASES`

error[E0425]: cannot find value `LIBC_DYNAMIC_8_TESTCASES` in this scope
   --> ulib/axstarry/syscall_entry/src/test.rs:693:39
    |
186 | / pub const LIBC_DYNAMIC_TESTCASES: &[&str] = &[
187 | |     "busybox sh ./run-dynamic.sh",
188 | |     // "./runtest.exe -w entry-dynamic.exe argv.dout",
189 | |     // "./runtest.exe -w entry-dynamic.exe basename.dout",
...   |
299 | |     // "./runtest.exe -w entry-dynamic.exe wcsstr_false_negative.dout",
300 | | ];
    | |__- similarly named constant `LIBC_DYNAMIC_TESTCASES` defined here
...
693 |           "libc-dynamic-8" => (Box::new(LIBC_DYNAMIC_8_TESTCASES.iter()), LIBC_DYNAMIC_8_TESTCASES.len()),
    |                                         ^^^^^^^^^^^^^^^^^^^^^^^^ help: a constant with a similar name exists: `LIBC_DYNAMIC_TESTCASES`

error[E0425]: cannot find value `LIBC_DYNAMIC_8_TESTCASES` in this scope
   --> ulib/axstarry/syscall_entry/src/test.rs:693:73
    |
186 | / pub const LIBC_DYNAMIC_TESTCASES: &[&str] = &[
187 | |     "busybox sh ./run-dynamic.sh",
188 | |     // "./runtest.exe -w entry-dynamic.exe argv.dout",
189 | |     // "./runtest.exe -w entry-dynamic.exe basename.dout",
...   |
299 | |     // "./runtest.exe -w entry-dynamic.exe wcsstr_false_negative.dout",
300 | | ];
    | |__- similarly named constant `LIBC_DYNAMIC_TESTCASES` defined here
...
693 |           "libc-dynamic-8" => (Box::new(LIBC_DYNAMIC_8_TESTCASES.iter()), LIBC_DYNAMIC_8_TESTCASES.len()),
    |                                                                           ^^^^^^^^^^^^^^^^^^^^^^^^ help: a constant with a similar name exists: `LIBC_DYNAMIC_TESTCASES`

error[E0425]: cannot find value `LIBC_DYNAMIC_9_TESTCASES` in this scope
   --> ulib/axstarry/syscall_entry/src/test.rs:694:39
    |
186 | / pub const LIBC_DYNAMIC_TESTCASES: &[&str] = &[
187 | |     "busybox sh ./run-dynamic.sh",
188 | |     // "./runtest.exe -w entry-dynamic.exe argv.dout",
189 | |     // "./runtest.exe -w entry-dynamic.exe basename.dout",
...   |
299 | |     // "./runtest.exe -w entry-dynamic.exe wcsstr_false_negative.dout",
300 | | ];
    | |__- similarly named constant `LIBC_DYNAMIC_TESTCASES` defined here
...
694 |           "libc-dynamic-9" => (Box::new(LIBC_DYNAMIC_9_TESTCASES.iter()), LIBC_DYNAMIC_9_TESTCASES.len()),
    |                                         ^^^^^^^^^^^^^^^^^^^^^^^^ help: a constant with a similar name exists: `LIBC_DYNAMIC_TESTCASES`

error[E0425]: cannot find value `LIBC_DYNAMIC_9_TESTCASES` in this scope
   --> ulib/axstarry/syscall_entry/src/test.rs:694:73
    |
186 | / pub const LIBC_DYNAMIC_TESTCASES: &[&str] = &[
187 | |     "busybox sh ./run-dynamic.sh",
188 | |     // "./runtest.exe -w entry-dynamic.exe argv.dout",
189 | |     // "./runtest.exe -w entry-dynamic.exe basename.dout",
...   |
299 | |     // "./runtest.exe -w entry-dynamic.exe wcsstr_false_negative.dout",
300 | | ];
    | |__- similarly named constant `LIBC_DYNAMIC_TESTCASES` defined here
...
694 |           "libc-dynamic-9" => (Box::new(LIBC_DYNAMIC_9_TESTCASES.iter()), LIBC_DYNAMIC_9_TESTCASES.len()),
    |                                                                           ^^^^^^^^^^^^^^^^^^^^^^^^ help: a constant with a similar name exists: `LIBC_DYNAMIC_TESTCASES`

For more information about this error, try `rustc --explain E0425`.
error: could not compile `syscall_entry` (lib) due to 38 previous errors
warning: build failed, waiting for other jobs to finish...
make: *** [scripts/make/build.mk:41: _cargo_build] Error 101
INFO     root:test_arceos.py:82 ç”¨ä¾‹ç»“æžœä¿¡æ¯--->æµ‹è¯•å¤±è´¥ï¼Œå‘½ä»¤æ‰§è¡Œå¤±è´¥