{"f330da30b62f17ed1ba2cdc58812afbe":{"statistic":{"failed":0,"broken":0,"skipped":0,"passed":1,"unknown":0,"total":1},"items":[{"uid":"8f3ab97f53c713d3","status":"passed","time":{"start":1709836010822,"stop":1709836022294,"duration":11472}}]},"869a94e4c4bceb6331c6962047bf6f42":{"statistic":{"failed":0,"broken":0,"skipped":0,"passed":1,"unknown":0,"total":1},"items":[{"uid":"5fbc0e48098dde52","status":"passed","time":{"start":1709835921663,"stop":1709835952656,"duration":30993}}]},"7db1c1f982d8caf5dda8d59e6fdce627":{"statistic":{"failed":0,"broken":0,"skipped":0,"passed":1,"unknown":0,"total":1},"items":[{"uid":"1bb1e1d0955b6fb7","status":"passed","time":{"start":1709836415525,"stop":1709836526118,"duration":110593}}]},"4765b0f010c4ee365d68b861f1815adf":{"statistic":{"failed":0,"broken":0,"skipped":0,"passed":1,"unknown":0,"total":1},"items":[{"uid":"41bf0ea1ddf3c1e","status":"passed","time":{"start":1709836022296,"stop":1709836415523,"duration":393227}}]},"1abc4cf2a83690af69b69edbd1bd13fb":{"statistic":{"failed":1,"broken":0,"skipped":0,"passed":0,"unknown":0,"total":1},"items":[{"uid":"645b31d989743a0a","status":"failed","statusDetails":"AssertionError: 测试失败，失败用例条数：1，成功用例条数：108，错误信息：\n  \nassert False","time":{"start":1709835952658,"stop":1709835973171,"duration":20513}}]},"efbfa347c00e5411482a9cb6fa5166bf":{"statistic":{"failed":1,"broken":0,"skipped":0,"passed":0,"unknown":0,"total":1},"items":[{"uid":"7305fbe5aceeef87","status":"failed","statusDetails":"AssertionError: 测试失败，失败用例条数：1，成功用例条数：110，错误信息：\n  \nassert False","time":{"start":1709835985918,"stop":1709836010816,"duration":24898}}]},"b9196bda6bd93d4a7584df4903ca0455":{"statistic":{"failed":0,"broken":0,"skipped":0,"passed":1,"unknown":0,"total":1},"items":[{"uid":"8c003b18f1c64433","status":"passed","time":{"start":1709835973177,"stop":1709835985916,"duration":12739}}]},"9ac67be80491d9c576ae3ed0147ffdd9":{"statistic":{"failed":1,"broken":0,"skipped":0,"passed":0,"unknown":0,"total":1},"items":[{"uid":"552ef4fb773f8ee9","status":"failed","statusDetails":"AssertionError: 测试失败，命令执行失败\nassert False","time":{"start":1709835870315,"stop":1709835921629,"duration":51314}}]}}