{"f330da30b62f17ed1ba2cdc58812afbe":{"statistic":{"failed":0,"broken":0,"skipped":0,"passed":1,"unknown":0,"total":1},"items":[{"uid":"6dabf003b48385a0","status":"passed","time":{"start":1709850905716,"stop":1709850917378,"duration":11662}}]},"869a94e4c4bceb6331c6962047bf6f42":{"statistic":{"failed":0,"broken":0,"skipped":0,"passed":1,"unknown":0,"total":1},"items":[{"uid":"471127b492f8450c","status":"passed","time":{"start":1709850816395,"stop":1709850847327,"duration":30932}}]},"7db1c1f982d8caf5dda8d59e6fdce627":{"statistic":{"failed":0,"broken":0,"skipped":0,"passed":1,"unknown":0,"total":1},"items":[{"uid":"cf5ea5a9cd10bece","status":"passed","time":{"start":1709851310234,"stop":1709851424832,"duration":114598}}]},"4765b0f010c4ee365d68b861f1815adf":{"statistic":{"failed":0,"broken":0,"skipped":0,"passed":1,"unknown":0,"total":1},"items":[{"uid":"b45c07b81a573311","status":"passed","time":{"start":1709850917379,"stop":1709851310232,"duration":392853}}]},"1abc4cf2a83690af69b69edbd1bd13fb":{"statistic":{"failed":1,"broken":0,"skipped":0,"passed":0,"unknown":0,"total":1},"items":[{"uid":"facdfdfe070d48c4","status":"failed","statusDetails":"AssertionError: 测试失败，失败用例条数：1，成功用例条数：108，错误信息：\n  \nassert False","time":{"start":1709850847330,"stop":1709850867931,"duration":20601}}]},"efbfa347c00e5411482a9cb6fa5166bf":{"statistic":{"failed":1,"broken":0,"skipped":0,"passed":0,"unknown":0,"total":1},"items":[{"uid":"5de4623cad8d09","status":"failed","statusDetails":"AssertionError: 测试失败，失败用例条数：1，成功用例条数：110，错误信息：\n  \nassert False","time":{"start":1709850880772,"stop":1709850905710,"duration":24938}}]},"b9196bda6bd93d4a7584df4903ca0455":{"statistic":{"failed":0,"broken":0,"skipped":0,"passed":1,"unknown":0,"total":1},"items":[{"uid":"8d3347693df74cbe","status":"passed","time":{"start":1709850867937,"stop":1709850880770,"duration":12833}}]},"9ac67be80491d9c576ae3ed0147ffdd9":{"statistic":{"failed":1,"broken":0,"skipped":0,"passed":0,"unknown":0,"total":1},"items":[{"uid":"6f87e390faa4fd84","status":"failed","statusDetails":"AssertionError: 测试失败，命令执行失败\nassert False","time":{"start":1709850764762,"stop":1709850816364,"duration":51602}}]}}