{"f330da30b62f17ed1ba2cdc58812afbe":{"statistic":{"failed":0,"broken":0,"skipped":0,"passed":1,"unknown":0,"total":1},"items":[{"uid":"2b3f6705a9c31e8d","status":"passed","time":{"start":1709807681376,"stop":1709807692712,"duration":11336}}]},"869a94e4c4bceb6331c6962047bf6f42":{"statistic":{"failed":0,"broken":0,"skipped":0,"passed":1,"unknown":0,"total":1},"items":[{"uid":"ffa20c935c5a09a9","status":"passed","time":{"start":1709807593425,"stop":1709807623978,"duration":30553}}]},"7db1c1f982d8caf5dda8d59e6fdce627":{"statistic":{"failed":0,"broken":0,"skipped":0,"passed":1,"unknown":0,"total":1},"items":[{"uid":"8696ce4b819ba1dc","status":"passed","time":{"start":1709808086834,"stop":1709808201901,"duration":115067}}]},"4765b0f010c4ee365d68b861f1815adf":{"statistic":{"failed":0,"broken":0,"skipped":0,"passed":1,"unknown":0,"total":1},"items":[{"uid":"49e68ff7c1294a7","status":"passed","time":{"start":1709807692714,"stop":1709808086832,"duration":394118}}]},"efbfa347c00e5411482a9cb6fa5166bf":{"statistic":{"failed":1,"broken":0,"skipped":0,"passed":0,"unknown":0,"total":1},"items":[{"uid":"833725d4544d5da5","status":"failed","statusDetails":"AssertionError: 测试失败，失败用例条数：1，成功用例条数：110，错误信息：\n  \nassert False","time":{"start":1709807656817,"stop":1709807681370,"duration":24553}}]},"1abc4cf2a83690af69b69edbd1bd13fb":{"statistic":{"failed":1,"broken":0,"skipped":0,"passed":0,"unknown":0,"total":1},"items":[{"uid":"d4b0ad99f2311f3c","status":"failed","statusDetails":"AssertionError: 测试失败，失败用例条数：1，成功用例条数：108，错误信息：\n  \nassert False","time":{"start":1709807623980,"stop":1709807644355,"duration":20375}}]},"b9196bda6bd93d4a7584df4903ca0455":{"statistic":{"failed":0,"broken":0,"skipped":0,"passed":1,"unknown":0,"total":1},"items":[{"uid":"939f7c58ad1da534","status":"passed","time":{"start":1709807644362,"stop":1709807656815,"duration":12453}}]},"9ac67be80491d9c576ae3ed0147ffdd9":{"statistic":{"failed":1,"broken":0,"skipped":0,"passed":0,"unknown":0,"total":1},"items":[{"uid":"183fc3b6cf911d5b","status":"failed","statusDetails":"AssertionError: 测试失败，命令执行失败\nassert False","time":{"start":1709807542282,"stop":1709807593393,"duration":51111}}]}}