INFO     root:test_arceos.py:187 kernel_type=monokernel
INFO     root:test_arceos.py:188 test_cmd=cd /home/runner/work/Starry/Starry && export PATH=$PATH:/home/runner/.cargo/bin:/home/runner/work/Starry/Starry/riscv64-linux-musl-cross/bin && ./build_img.sh x86_64 && make A=apps/oscomp ARCH=x86_64 TC=libc-dynamic run
INFO     root:test_arceos.py:190 res=true
30+0 records in
30+0 records out
125829120 bytes (126 MB, 120 MiB) copied, 0.121462 s, 1.0 GB/s
mkfs.fat 4.2 (2021-01-31)
Copying x86_64 fat32 testsuits-x86_64-linux-musl/* to disk
sed: can't read apps/oscomp/src/main_template.rs: No such file or directory
    [92;1mBuilding[0m App: oscomp, Arch: x86_64, Platform: x86_64-qemu-q35, App type: rust
[37mcargo build[0m [90m--target x86_64-unknown-none --target-dir /home/runner/work/Starry/Starry/target --release  --manifest-path apps/oscomp/Cargo.toml --features "syscall_entry/log-level-off syscall_entry/bus-pci syscall_entry/fp_simd syscall_entry/syscall_fs syscall_entry/syscall_mem syscall_entry/syscall_task syscall_entry/futex syscall_entry/signal syscall_entry/img syscall_entry/syscall_net syscall_entry/fatfs"[0m
   Compiling axdriver v0.1.0 (/home/runner/work/Starry/Starry/modules/axdriver)
   Compiling axfs v0.1.0 (/home/runner/work/Starry/Starry/modules/axfs)
   Compiling axnet v0.1.0 (/home/runner/work/Starry/Starry/modules/axnet)
   Compiling axmem v0.1.0 (/home/runner/work/Starry/Starry/modules/axmem)
   Compiling syscall_utils v0.1.0 (/home/runner/work/Starry/Starry/ulib/axstarry/syscall_utils)
   Compiling axprocess v0.1.0 (/home/runner/work/Starry/Starry/modules/axprocess)
   Compiling axruntime v0.1.0 (/home/runner/work/Starry/Starry/modules/axruntime)
   Compiling syscall_fs v0.1.0 (/home/runner/work/Starry/Starry/ulib/axstarry/syscall_fs)
   Compiling axfeat v0.1.0 (/home/runner/work/Starry/Starry/api/axfeat)
   Compiling arceos_api v0.1.0 (/home/runner/work/Starry/Starry/api/arceos_api)
   Compiling syscall_task v0.1.0 (/home/runner/work/Starry/Starry/ulib/axstarry/syscall_task)
   Compiling syscall_net v0.1.0 (/home/runner/work/Starry/Starry/ulib/axstarry/syscall_net)
   Compiling syscall_mem v0.1.0 (/home/runner/work/Starry/Starry/ulib/axstarry/syscall_mem)
   Compiling syscall_entry v0.1.0 (/home/runner/work/Starry/Starry/ulib/axstarry/syscall_entry)
   Compiling oscomp v0.1.0 (/home/runner/work/Starry/Starry/apps/oscomp)
error[E0463]: can't find crate for `std`
  |
  = note: the `x86_64-unknown-none` target may not support the standard library
  = note: `std` is required by `oscomp` because it does not declare `#![no_std]`
  = help: consider building the standard library from source with `cargo build -Zbuild-std`

error[E0601]: `main` function not found in crate `oscomp`
  |
  = note: consider adding a `main` function to `apps/oscomp/src/main.rs`

Some errors have detailed explanations: E0463, E0601.
For more information about an error, try `rustc --explain E0463`.
error: could not compile `oscomp` (bin "oscomp") due to 2 previous errors
make: *** [scripts/make/build.mk:41: _cargo_build] Error 101
INFO     root:test_arceos.py:192 Áî®‰æãÁªìÊûú‰ø°ÊÅØ=ÊµãËØïÂ§±Ë¥•ÔºåÂëΩ‰ª§ÊâßË°åÂ§±Ë¥•